[2021-05-28 20:49:51,528] {scheduler_job.py:182} INFO - Started process (PID=39) to work on /home/airflow/.local/lib/python3.6/site-packages/airflow/example_dags/example_nested_branch_dag.py
[2021-05-28 20:49:51,533] {scheduler_job.py:629} INFO - Processing file /home/airflow/.local/lib/python3.6/site-packages/airflow/example_dags/example_nested_branch_dag.py for tasks to queue
[2021-05-28 20:49:51,537] {logging_mixin.py:104} INFO - [2021-05-28 20:49:51,535] {dagbag.py:448} INFO - Filling up the DagBag from /home/airflow/.local/lib/python3.6/site-packages/airflow/example_dags/example_nested_branch_dag.py
[2021-05-28 20:49:51,591] {scheduler_job.py:639} INFO - DAG(s) dict_keys(['example_nested_branch_dag']) retrieved from /home/airflow/.local/lib/python3.6/site-packages/airflow/example_dags/example_nested_branch_dag.py
[2021-05-28 20:49:51,789] {logging_mixin.py:104} INFO - [2021-05-28 20:49:51,788] {dag.py:1818} INFO - Sync 1 DAGs
[2021-05-28 20:49:51,835] {logging_mixin.py:104} INFO - [2021-05-28 20:49:51,835] {dag.py:1837} INFO - Creating ORM DAG for example_nested_branch_dag
[2021-05-28 20:49:51,907] {logging_mixin.py:104} INFO - [2021-05-28 20:49:51,906] {dag.py:2273} INFO - Setting next_dagrun for example_nested_branch_dag to 2021-05-26 00:00:00+00:00
[2021-05-28 20:49:51,965] {scheduler_job.py:190} INFO - Processing /home/airflow/.local/lib/python3.6/site-packages/airflow/example_dags/example_nested_branch_dag.py took 0.448 seconds
[2021-05-28 20:50:25,911] {scheduler_job.py:182} INFO - Started process (PID=72) to work on /home/airflow/.local/lib/python3.6/site-packages/airflow/example_dags/example_nested_branch_dag.py
[2021-05-28 20:50:25,919] {scheduler_job.py:629} INFO - Processing file /home/airflow/.local/lib/python3.6/site-packages/airflow/example_dags/example_nested_branch_dag.py for tasks to queue
[2021-05-28 20:50:25,923] {logging_mixin.py:104} INFO - [2021-05-28 20:50:25,923] {dagbag.py:448} INFO - Filling up the DagBag from /home/airflow/.local/lib/python3.6/site-packages/airflow/example_dags/example_nested_branch_dag.py
[2021-05-28 20:50:26,019] {scheduler_job.py:639} INFO - DAG(s) dict_keys(['example_nested_branch_dag']) retrieved from /home/airflow/.local/lib/python3.6/site-packages/airflow/example_dags/example_nested_branch_dag.py
[2021-05-28 20:50:26,138] {logging_mixin.py:104} INFO - [2021-05-28 20:50:26,138] {dag.py:1818} INFO - Sync 1 DAGs
[2021-05-28 20:50:26,449] {logging_mixin.py:104} INFO - [2021-05-28 20:50:26,449] {dag.py:2273} INFO - Setting next_dagrun for example_nested_branch_dag to 2021-05-26 00:00:00+00:00
[2021-05-28 20:50:26,494] {scheduler_job.py:190} INFO - Processing /home/airflow/.local/lib/python3.6/site-packages/airflow/example_dags/example_nested_branch_dag.py took 0.596 seconds
[2021-05-28 20:50:56,819] {scheduler_job.py:182} INFO - Started process (PID=103) to work on /home/airflow/.local/lib/python3.6/site-packages/airflow/example_dags/example_nested_branch_dag.py
[2021-05-28 20:50:56,821] {scheduler_job.py:629} INFO - Processing file /home/airflow/.local/lib/python3.6/site-packages/airflow/example_dags/example_nested_branch_dag.py for tasks to queue
[2021-05-28 20:50:56,823] {logging_mixin.py:104} INFO - [2021-05-28 20:50:56,823] {dagbag.py:448} INFO - Filling up the DagBag from /home/airflow/.local/lib/python3.6/site-packages/airflow/example_dags/example_nested_branch_dag.py
[2021-05-28 20:50:56,842] {scheduler_job.py:639} INFO - DAG(s) dict_keys(['example_nested_branch_dag']) retrieved from /home/airflow/.local/lib/python3.6/site-packages/airflow/example_dags/example_nested_branch_dag.py
[2021-05-28 20:50:56,945] {logging_mixin.py:104} INFO - [2021-05-28 20:50:56,945] {dag.py:1818} INFO - Sync 1 DAGs
[2021-05-28 20:50:57,015] {logging_mixin.py:104} INFO - [2021-05-28 20:50:57,015] {dag.py:2273} INFO - Setting next_dagrun for example_nested_branch_dag to 2021-05-26 00:00:00+00:00
[2021-05-28 20:50:57,043] {scheduler_job.py:190} INFO - Processing /home/airflow/.local/lib/python3.6/site-packages/airflow/example_dags/example_nested_branch_dag.py took 0.229 seconds
[2021-05-28 20:51:27,264] {scheduler_job.py:182} INFO - Started process (PID=141) to work on /home/airflow/.local/lib/python3.6/site-packages/airflow/example_dags/example_nested_branch_dag.py
[2021-05-28 20:51:27,267] {scheduler_job.py:629} INFO - Processing file /home/airflow/.local/lib/python3.6/site-packages/airflow/example_dags/example_nested_branch_dag.py for tasks to queue
[2021-05-28 20:51:27,268] {logging_mixin.py:104} INFO - [2021-05-28 20:51:27,268] {dagbag.py:448} INFO - Filling up the DagBag from /home/airflow/.local/lib/python3.6/site-packages/airflow/example_dags/example_nested_branch_dag.py
[2021-05-28 20:51:27,291] {scheduler_job.py:639} INFO - DAG(s) dict_keys(['example_nested_branch_dag']) retrieved from /home/airflow/.local/lib/python3.6/site-packages/airflow/example_dags/example_nested_branch_dag.py
[2021-05-28 20:51:27,359] {logging_mixin.py:104} INFO - [2021-05-28 20:51:27,358] {dag.py:1818} INFO - Sync 1 DAGs
[2021-05-28 20:51:27,422] {logging_mixin.py:104} INFO - [2021-05-28 20:51:27,421] {dag.py:2273} INFO - Setting next_dagrun for example_nested_branch_dag to 2021-05-26 00:00:00+00:00
[2021-05-28 20:51:27,474] {scheduler_job.py:190} INFO - Processing /home/airflow/.local/lib/python3.6/site-packages/airflow/example_dags/example_nested_branch_dag.py took 0.216 seconds
[2021-05-28 20:51:57,585] {scheduler_job.py:182} INFO - Started process (PID=171) to work on /home/airflow/.local/lib/python3.6/site-packages/airflow/example_dags/example_nested_branch_dag.py
[2021-05-28 20:51:57,587] {scheduler_job.py:629} INFO - Processing file /home/airflow/.local/lib/python3.6/site-packages/airflow/example_dags/example_nested_branch_dag.py for tasks to queue
[2021-05-28 20:51:57,588] {logging_mixin.py:104} INFO - [2021-05-28 20:51:57,588] {dagbag.py:448} INFO - Filling up the DagBag from /home/airflow/.local/lib/python3.6/site-packages/airflow/example_dags/example_nested_branch_dag.py
[2021-05-28 20:51:57,608] {scheduler_job.py:639} INFO - DAG(s) dict_keys(['example_nested_branch_dag']) retrieved from /home/airflow/.local/lib/python3.6/site-packages/airflow/example_dags/example_nested_branch_dag.py
[2021-05-28 20:51:57,691] {logging_mixin.py:104} INFO - [2021-05-28 20:51:57,690] {dag.py:1818} INFO - Sync 1 DAGs
[2021-05-28 20:51:57,756] {logging_mixin.py:104} INFO - [2021-05-28 20:51:57,756] {dag.py:2273} INFO - Setting next_dagrun for example_nested_branch_dag to 2021-05-26 00:00:00+00:00
[2021-05-28 20:51:57,780] {scheduler_job.py:190} INFO - Processing /home/airflow/.local/lib/python3.6/site-packages/airflow/example_dags/example_nested_branch_dag.py took 0.199 seconds
[2021-05-28 20:52:28,709] {scheduler_job.py:182} INFO - Started process (PID=209) to work on /home/airflow/.local/lib/python3.6/site-packages/airflow/example_dags/example_nested_branch_dag.py
[2021-05-28 20:52:28,713] {scheduler_job.py:629} INFO - Processing file /home/airflow/.local/lib/python3.6/site-packages/airflow/example_dags/example_nested_branch_dag.py for tasks to queue
[2021-05-28 20:52:28,715] {logging_mixin.py:104} INFO - [2021-05-28 20:52:28,715] {dagbag.py:448} INFO - Filling up the DagBag from /home/airflow/.local/lib/python3.6/site-packages/airflow/example_dags/example_nested_branch_dag.py
[2021-05-28 20:52:28,747] {scheduler_job.py:639} INFO - DAG(s) dict_keys(['example_nested_branch_dag']) retrieved from /home/airflow/.local/lib/python3.6/site-packages/airflow/example_dags/example_nested_branch_dag.py
[2021-05-28 20:52:28,837] {logging_mixin.py:104} INFO - [2021-05-28 20:52:28,837] {dag.py:1818} INFO - Sync 1 DAGs
[2021-05-28 20:52:28,974] {logging_mixin.py:104} INFO - [2021-05-28 20:52:28,974] {dag.py:2273} INFO - Setting next_dagrun for example_nested_branch_dag to 2021-05-26 00:00:00+00:00
[2021-05-28 20:52:28,997] {scheduler_job.py:190} INFO - Processing /home/airflow/.local/lib/python3.6/site-packages/airflow/example_dags/example_nested_branch_dag.py took 0.295 seconds
[2021-05-28 20:52:59,769] {scheduler_job.py:182} INFO - Started process (PID=242) to work on /home/airflow/.local/lib/python3.6/site-packages/airflow/example_dags/example_nested_branch_dag.py
[2021-05-28 20:52:59,771] {scheduler_job.py:629} INFO - Processing file /home/airflow/.local/lib/python3.6/site-packages/airflow/example_dags/example_nested_branch_dag.py for tasks to queue
[2021-05-28 20:52:59,772] {logging_mixin.py:104} INFO - [2021-05-28 20:52:59,772] {dagbag.py:448} INFO - Filling up the DagBag from /home/airflow/.local/lib/python3.6/site-packages/airflow/example_dags/example_nested_branch_dag.py
[2021-05-28 20:52:59,794] {scheduler_job.py:639} INFO - DAG(s) dict_keys(['example_nested_branch_dag']) retrieved from /home/airflow/.local/lib/python3.6/site-packages/airflow/example_dags/example_nested_branch_dag.py
[2021-05-28 20:52:59,864] {logging_mixin.py:104} INFO - [2021-05-28 20:52:59,864] {dag.py:1818} INFO - Sync 1 DAGs
[2021-05-28 20:52:59,914] {logging_mixin.py:104} INFO - [2021-05-28 20:52:59,914] {dag.py:2273} INFO - Setting next_dagrun for example_nested_branch_dag to 2021-05-26 00:00:00+00:00
[2021-05-28 20:52:59,937] {scheduler_job.py:190} INFO - Processing /home/airflow/.local/lib/python3.6/site-packages/airflow/example_dags/example_nested_branch_dag.py took 0.172 seconds
[2021-05-28 20:53:30,004] {scheduler_job.py:182} INFO - Started process (PID=276) to work on /home/airflow/.local/lib/python3.6/site-packages/airflow/example_dags/example_nested_branch_dag.py
[2021-05-28 20:53:30,008] {scheduler_job.py:629} INFO - Processing file /home/airflow/.local/lib/python3.6/site-packages/airflow/example_dags/example_nested_branch_dag.py for tasks to queue
[2021-05-28 20:53:30,011] {logging_mixin.py:104} INFO - [2021-05-28 20:53:30,010] {dagbag.py:448} INFO - Filling up the DagBag from /home/airflow/.local/lib/python3.6/site-packages/airflow/example_dags/example_nested_branch_dag.py
[2021-05-28 20:53:30,047] {scheduler_job.py:639} INFO - DAG(s) dict_keys(['example_nested_branch_dag']) retrieved from /home/airflow/.local/lib/python3.6/site-packages/airflow/example_dags/example_nested_branch_dag.py
[2021-05-28 20:53:30,212] {logging_mixin.py:104} INFO - [2021-05-28 20:53:30,212] {dag.py:1818} INFO - Sync 1 DAGs
[2021-05-28 20:53:30,340] {logging_mixin.py:104} INFO - [2021-05-28 20:53:30,339] {dag.py:2273} INFO - Setting next_dagrun for example_nested_branch_dag to 2021-05-26 00:00:00+00:00
[2021-05-28 20:53:30,402] {scheduler_job.py:190} INFO - Processing /home/airflow/.local/lib/python3.6/site-packages/airflow/example_dags/example_nested_branch_dag.py took 0.408 seconds
[2021-05-28 20:54:01,346] {scheduler_job.py:182} INFO - Started process (PID=316) to work on /home/airflow/.local/lib/python3.6/site-packages/airflow/example_dags/example_nested_branch_dag.py
[2021-05-28 20:54:01,349] {scheduler_job.py:629} INFO - Processing file /home/airflow/.local/lib/python3.6/site-packages/airflow/example_dags/example_nested_branch_dag.py for tasks to queue
[2021-05-28 20:54:01,360] {logging_mixin.py:104} INFO - [2021-05-28 20:54:01,359] {dagbag.py:448} INFO - Filling up the DagBag from /home/airflow/.local/lib/python3.6/site-packages/airflow/example_dags/example_nested_branch_dag.py
[2021-05-28 20:54:01,413] {scheduler_job.py:639} INFO - DAG(s) dict_keys(['example_nested_branch_dag']) retrieved from /home/airflow/.local/lib/python3.6/site-packages/airflow/example_dags/example_nested_branch_dag.py
[2021-05-28 20:54:01,600] {logging_mixin.py:104} INFO - [2021-05-28 20:54:01,600] {dag.py:1818} INFO - Sync 1 DAGs
[2021-05-28 20:54:01,713] {logging_mixin.py:104} INFO - [2021-05-28 20:54:01,713] {dag.py:2273} INFO - Setting next_dagrun for example_nested_branch_dag to 2021-05-26 00:00:00+00:00
[2021-05-28 20:54:01,800] {scheduler_job.py:190} INFO - Processing /home/airflow/.local/lib/python3.6/site-packages/airflow/example_dags/example_nested_branch_dag.py took 0.460 seconds
[2021-05-28 20:55:28,975] {scheduler_job.py:182} INFO - Started process (PID=50) to work on /home/airflow/.local/lib/python3.6/site-packages/airflow/example_dags/example_nested_branch_dag.py
[2021-05-28 20:55:28,980] {scheduler_job.py:629} INFO - Processing file /home/airflow/.local/lib/python3.6/site-packages/airflow/example_dags/example_nested_branch_dag.py for tasks to queue
[2021-05-28 20:55:28,982] {logging_mixin.py:104} INFO - [2021-05-28 20:55:28,982] {dagbag.py:448} INFO - Filling up the DagBag from /home/airflow/.local/lib/python3.6/site-packages/airflow/example_dags/example_nested_branch_dag.py
[2021-05-28 20:55:29,053] {scheduler_job.py:639} INFO - DAG(s) dict_keys(['example_nested_branch_dag']) retrieved from /home/airflow/.local/lib/python3.6/site-packages/airflow/example_dags/example_nested_branch_dag.py
[2021-05-28 20:55:29,202] {logging_mixin.py:104} INFO - [2021-05-28 20:55:29,201] {dag.py:1818} INFO - Sync 1 DAGs
[2021-05-28 20:55:29,322] {logging_mixin.py:104} INFO - [2021-05-28 20:55:29,321] {dag.py:2273} INFO - Setting next_dagrun for example_nested_branch_dag to 2021-05-26 00:00:00+00:00
[2021-05-28 20:55:29,380] {scheduler_job.py:190} INFO - Processing /home/airflow/.local/lib/python3.6/site-packages/airflow/example_dags/example_nested_branch_dag.py took 0.416 seconds
[2021-05-28 20:56:01,714] {scheduler_job.py:182} INFO - Started process (PID=86) to work on /home/airflow/.local/lib/python3.6/site-packages/airflow/example_dags/example_nested_branch_dag.py
[2021-05-28 20:56:01,721] {scheduler_job.py:629} INFO - Processing file /home/airflow/.local/lib/python3.6/site-packages/airflow/example_dags/example_nested_branch_dag.py for tasks to queue
[2021-05-28 20:56:01,725] {logging_mixin.py:104} INFO - [2021-05-28 20:56:01,725] {dagbag.py:448} INFO - Filling up the DagBag from /home/airflow/.local/lib/python3.6/site-packages/airflow/example_dags/example_nested_branch_dag.py
[2021-05-28 20:56:01,809] {scheduler_job.py:639} INFO - DAG(s) dict_keys(['example_nested_branch_dag']) retrieved from /home/airflow/.local/lib/python3.6/site-packages/airflow/example_dags/example_nested_branch_dag.py
[2021-05-28 20:56:02,009] {logging_mixin.py:104} INFO - [2021-05-28 20:56:02,009] {dag.py:1818} INFO - Sync 1 DAGs
[2021-05-28 20:56:02,136] {logging_mixin.py:104} INFO - [2021-05-28 20:56:02,135] {dag.py:2273} INFO - Setting next_dagrun for example_nested_branch_dag to 2021-05-26 00:00:00+00:00
[2021-05-28 20:56:02,175] {scheduler_job.py:190} INFO - Processing /home/airflow/.local/lib/python3.6/site-packages/airflow/example_dags/example_nested_branch_dag.py took 0.483 seconds
[2021-05-28 20:56:34,865] {scheduler_job.py:182} INFO - Started process (PID=120) to work on /home/airflow/.local/lib/python3.6/site-packages/airflow/example_dags/example_nested_branch_dag.py
[2021-05-28 20:56:34,869] {scheduler_job.py:629} INFO - Processing file /home/airflow/.local/lib/python3.6/site-packages/airflow/example_dags/example_nested_branch_dag.py for tasks to queue
[2021-05-28 20:56:34,872] {logging_mixin.py:104} INFO - [2021-05-28 20:56:34,872] {dagbag.py:448} INFO - Filling up the DagBag from /home/airflow/.local/lib/python3.6/site-packages/airflow/example_dags/example_nested_branch_dag.py
[2021-05-28 20:56:34,917] {scheduler_job.py:639} INFO - DAG(s) dict_keys(['example_nested_branch_dag']) retrieved from /home/airflow/.local/lib/python3.6/site-packages/airflow/example_dags/example_nested_branch_dag.py
[2021-05-28 20:56:35,035] {logging_mixin.py:104} INFO - [2021-05-28 20:56:35,034] {dag.py:1818} INFO - Sync 1 DAGs
[2021-05-28 20:56:35,200] {logging_mixin.py:104} INFO - [2021-05-28 20:56:35,200] {dag.py:2273} INFO - Setting next_dagrun for example_nested_branch_dag to 2021-05-26 00:00:00+00:00
[2021-05-28 20:56:35,256] {scheduler_job.py:190} INFO - Processing /home/airflow/.local/lib/python3.6/site-packages/airflow/example_dags/example_nested_branch_dag.py took 0.405 seconds
[2021-05-28 20:57:05,910] {scheduler_job.py:182} INFO - Started process (PID=152) to work on /home/airflow/.local/lib/python3.6/site-packages/airflow/example_dags/example_nested_branch_dag.py
[2021-05-28 20:57:05,913] {scheduler_job.py:629} INFO - Processing file /home/airflow/.local/lib/python3.6/site-packages/airflow/example_dags/example_nested_branch_dag.py for tasks to queue
[2021-05-28 20:57:05,917] {logging_mixin.py:104} INFO - [2021-05-28 20:57:05,917] {dagbag.py:448} INFO - Filling up the DagBag from /home/airflow/.local/lib/python3.6/site-packages/airflow/example_dags/example_nested_branch_dag.py
[2021-05-28 20:57:05,975] {scheduler_job.py:639} INFO - DAG(s) dict_keys(['example_nested_branch_dag']) retrieved from /home/airflow/.local/lib/python3.6/site-packages/airflow/example_dags/example_nested_branch_dag.py
[2021-05-28 20:57:06,468] {logging_mixin.py:104} INFO - [2021-05-28 20:57:06,461] {dag.py:1818} INFO - Sync 1 DAGs
[2021-05-28 20:57:07,047] {logging_mixin.py:104} INFO - [2021-05-28 20:57:07,047] {dag.py:2273} INFO - Setting next_dagrun for example_nested_branch_dag to 2021-05-26 00:00:00+00:00
[2021-05-28 20:57:07,205] {scheduler_job.py:190} INFO - Processing /home/airflow/.local/lib/python3.6/site-packages/airflow/example_dags/example_nested_branch_dag.py took 1.302 seconds
[2021-05-28 20:57:37,778] {scheduler_job.py:182} INFO - Started process (PID=185) to work on /home/airflow/.local/lib/python3.6/site-packages/airflow/example_dags/example_nested_branch_dag.py
[2021-05-28 20:57:37,783] {scheduler_job.py:629} INFO - Processing file /home/airflow/.local/lib/python3.6/site-packages/airflow/example_dags/example_nested_branch_dag.py for tasks to queue
[2021-05-28 20:57:37,787] {logging_mixin.py:104} INFO - [2021-05-28 20:57:37,786] {dagbag.py:448} INFO - Filling up the DagBag from /home/airflow/.local/lib/python3.6/site-packages/airflow/example_dags/example_nested_branch_dag.py
[2021-05-28 20:57:37,851] {scheduler_job.py:639} INFO - DAG(s) dict_keys(['example_nested_branch_dag']) retrieved from /home/airflow/.local/lib/python3.6/site-packages/airflow/example_dags/example_nested_branch_dag.py
[2021-05-28 20:57:37,976] {logging_mixin.py:104} INFO - [2021-05-28 20:57:37,975] {dag.py:1818} INFO - Sync 1 DAGs
[2021-05-28 20:57:38,098] {logging_mixin.py:104} INFO - [2021-05-28 20:57:38,090] {dag.py:2273} INFO - Setting next_dagrun for example_nested_branch_dag to 2021-05-26 00:00:00+00:00
[2021-05-28 20:57:38,153] {scheduler_job.py:190} INFO - Processing /home/airflow/.local/lib/python3.6/site-packages/airflow/example_dags/example_nested_branch_dag.py took 0.386 seconds
[2021-05-28 20:58:08,749] {scheduler_job.py:182} INFO - Started process (PID=217) to work on /home/airflow/.local/lib/python3.6/site-packages/airflow/example_dags/example_nested_branch_dag.py
[2021-05-28 20:58:08,752] {scheduler_job.py:629} INFO - Processing file /home/airflow/.local/lib/python3.6/site-packages/airflow/example_dags/example_nested_branch_dag.py for tasks to queue
[2021-05-28 20:58:08,754] {logging_mixin.py:104} INFO - [2021-05-28 20:58:08,753] {dagbag.py:448} INFO - Filling up the DagBag from /home/airflow/.local/lib/python3.6/site-packages/airflow/example_dags/example_nested_branch_dag.py
[2021-05-28 20:58:08,790] {scheduler_job.py:639} INFO - DAG(s) dict_keys(['example_nested_branch_dag']) retrieved from /home/airflow/.local/lib/python3.6/site-packages/airflow/example_dags/example_nested_branch_dag.py
[2021-05-28 20:58:08,903] {logging_mixin.py:104} INFO - [2021-05-28 20:58:08,903] {dag.py:1818} INFO - Sync 1 DAGs
[2021-05-28 20:58:08,980] {logging_mixin.py:104} INFO - [2021-05-28 20:58:08,980] {dag.py:2273} INFO - Setting next_dagrun for example_nested_branch_dag to 2021-05-26 00:00:00+00:00
[2021-05-28 20:58:09,018] {scheduler_job.py:190} INFO - Processing /home/airflow/.local/lib/python3.6/site-packages/airflow/example_dags/example_nested_branch_dag.py took 0.280 seconds
[2021-05-28 20:58:39,380] {scheduler_job.py:182} INFO - Started process (PID=250) to work on /home/airflow/.local/lib/python3.6/site-packages/airflow/example_dags/example_nested_branch_dag.py
[2021-05-28 20:58:39,383] {scheduler_job.py:629} INFO - Processing file /home/airflow/.local/lib/python3.6/site-packages/airflow/example_dags/example_nested_branch_dag.py for tasks to queue
[2021-05-28 20:58:39,384] {logging_mixin.py:104} INFO - [2021-05-28 20:58:39,384] {dagbag.py:448} INFO - Filling up the DagBag from /home/airflow/.local/lib/python3.6/site-packages/airflow/example_dags/example_nested_branch_dag.py
[2021-05-28 20:58:39,412] {scheduler_job.py:639} INFO - DAG(s) dict_keys(['example_nested_branch_dag']) retrieved from /home/airflow/.local/lib/python3.6/site-packages/airflow/example_dags/example_nested_branch_dag.py
[2021-05-28 20:58:39,486] {logging_mixin.py:104} INFO - [2021-05-28 20:58:39,486] {dag.py:1818} INFO - Sync 1 DAGs
[2021-05-28 20:58:39,554] {logging_mixin.py:104} INFO - [2021-05-28 20:58:39,554] {dag.py:2273} INFO - Setting next_dagrun for example_nested_branch_dag to 2021-05-26 00:00:00+00:00
[2021-05-28 20:58:39,587] {scheduler_job.py:190} INFO - Processing /home/airflow/.local/lib/python3.6/site-packages/airflow/example_dags/example_nested_branch_dag.py took 0.214 seconds
