[2021-05-28 20:49:52,529] {scheduler_job.py:182} INFO - Started process (PID=43) to work on /home/airflow/.local/lib/python3.6/site-packages/airflow/example_dags/example_bash_operator.py
[2021-05-28 20:49:52,531] {scheduler_job.py:629} INFO - Processing file /home/airflow/.local/lib/python3.6/site-packages/airflow/example_dags/example_bash_operator.py for tasks to queue
[2021-05-28 20:49:52,533] {logging_mixin.py:104} INFO - [2021-05-28 20:49:52,533] {dagbag.py:448} INFO - Filling up the DagBag from /home/airflow/.local/lib/python3.6/site-packages/airflow/example_dags/example_bash_operator.py
[2021-05-28 20:49:52,576] {scheduler_job.py:639} INFO - DAG(s) dict_keys(['example_bash_operator']) retrieved from /home/airflow/.local/lib/python3.6/site-packages/airflow/example_dags/example_bash_operator.py
[2021-05-28 20:49:52,890] {logging_mixin.py:104} INFO - [2021-05-28 20:49:52,890] {dag.py:1818} INFO - Sync 1 DAGs
[2021-05-28 20:49:52,967] {logging_mixin.py:104} INFO - [2021-05-28 20:49:52,967] {dag.py:1837} INFO - Creating ORM DAG for example_bash_operator
[2021-05-28 20:49:53,021] {logging_mixin.py:104} INFO - [2021-05-28 20:49:53,020] {dag.py:2273} INFO - Setting next_dagrun for example_bash_operator to 2021-05-26 00:00:00+00:00
[2021-05-28 20:49:53,101] {scheduler_job.py:190} INFO - Processing /home/airflow/.local/lib/python3.6/site-packages/airflow/example_dags/example_bash_operator.py took 0.583 seconds
[2021-05-28 20:50:26,950] {scheduler_job.py:182} INFO - Started process (PID=76) to work on /home/airflow/.local/lib/python3.6/site-packages/airflow/example_dags/example_bash_operator.py
[2021-05-28 20:50:26,953] {scheduler_job.py:629} INFO - Processing file /home/airflow/.local/lib/python3.6/site-packages/airflow/example_dags/example_bash_operator.py for tasks to queue
[2021-05-28 20:50:26,955] {logging_mixin.py:104} INFO - [2021-05-28 20:50:26,955] {dagbag.py:448} INFO - Filling up the DagBag from /home/airflow/.local/lib/python3.6/site-packages/airflow/example_dags/example_bash_operator.py
[2021-05-28 20:50:26,993] {scheduler_job.py:639} INFO - DAG(s) dict_keys(['example_bash_operator']) retrieved from /home/airflow/.local/lib/python3.6/site-packages/airflow/example_dags/example_bash_operator.py
[2021-05-28 20:50:27,103] {logging_mixin.py:104} INFO - [2021-05-28 20:50:27,102] {dag.py:1818} INFO - Sync 1 DAGs
[2021-05-28 20:50:27,224] {logging_mixin.py:104} INFO - [2021-05-28 20:50:27,223] {dag.py:2273} INFO - Setting next_dagrun for example_bash_operator to 2021-05-26 00:00:00+00:00
[2021-05-28 20:50:27,261] {scheduler_job.py:190} INFO - Processing /home/airflow/.local/lib/python3.6/site-packages/airflow/example_dags/example_bash_operator.py took 0.319 seconds
[2021-05-28 20:50:58,376] {scheduler_job.py:182} INFO - Started process (PID=109) to work on /home/airflow/.local/lib/python3.6/site-packages/airflow/example_dags/example_bash_operator.py
[2021-05-28 20:50:58,378] {scheduler_job.py:629} INFO - Processing file /home/airflow/.local/lib/python3.6/site-packages/airflow/example_dags/example_bash_operator.py for tasks to queue
[2021-05-28 20:50:58,380] {logging_mixin.py:104} INFO - [2021-05-28 20:50:58,379] {dagbag.py:448} INFO - Filling up the DagBag from /home/airflow/.local/lib/python3.6/site-packages/airflow/example_dags/example_bash_operator.py
[2021-05-28 20:50:58,405] {scheduler_job.py:639} INFO - DAG(s) dict_keys(['example_bash_operator']) retrieved from /home/airflow/.local/lib/python3.6/site-packages/airflow/example_dags/example_bash_operator.py
[2021-05-28 20:50:58,498] {logging_mixin.py:104} INFO - [2021-05-28 20:50:58,498] {dag.py:1818} INFO - Sync 1 DAGs
[2021-05-28 20:50:58,548] {logging_mixin.py:104} INFO - [2021-05-28 20:50:58,547] {dag.py:2273} INFO - Setting next_dagrun for example_bash_operator to 2021-05-26 00:00:00+00:00
[2021-05-28 20:50:58,575] {scheduler_job.py:190} INFO - Processing /home/airflow/.local/lib/python3.6/site-packages/airflow/example_dags/example_bash_operator.py took 0.207 seconds
[2021-05-28 20:51:28,753] {scheduler_job.py:182} INFO - Started process (PID=147) to work on /home/airflow/.local/lib/python3.6/site-packages/airflow/example_dags/example_bash_operator.py
[2021-05-28 20:51:28,756] {scheduler_job.py:629} INFO - Processing file /home/airflow/.local/lib/python3.6/site-packages/airflow/example_dags/example_bash_operator.py for tasks to queue
[2021-05-28 20:51:28,758] {logging_mixin.py:104} INFO - [2021-05-28 20:51:28,758] {dagbag.py:448} INFO - Filling up the DagBag from /home/airflow/.local/lib/python3.6/site-packages/airflow/example_dags/example_bash_operator.py
[2021-05-28 20:51:28,774] {scheduler_job.py:639} INFO - DAG(s) dict_keys(['example_bash_operator']) retrieved from /home/airflow/.local/lib/python3.6/site-packages/airflow/example_dags/example_bash_operator.py
[2021-05-28 20:51:28,865] {logging_mixin.py:104} INFO - [2021-05-28 20:51:28,864] {dag.py:1818} INFO - Sync 1 DAGs
[2021-05-28 20:51:28,919] {logging_mixin.py:104} INFO - [2021-05-28 20:51:28,919] {dag.py:2273} INFO - Setting next_dagrun for example_bash_operator to 2021-05-26 00:00:00+00:00
[2021-05-28 20:51:28,941] {scheduler_job.py:190} INFO - Processing /home/airflow/.local/lib/python3.6/site-packages/airflow/example_dags/example_bash_operator.py took 0.195 seconds
[2021-05-28 20:52:00,644] {scheduler_job.py:182} INFO - Started process (PID=181) to work on /home/airflow/.local/lib/python3.6/site-packages/airflow/example_dags/example_bash_operator.py
[2021-05-28 20:52:00,647] {scheduler_job.py:629} INFO - Processing file /home/airflow/.local/lib/python3.6/site-packages/airflow/example_dags/example_bash_operator.py for tasks to queue
[2021-05-28 20:52:00,649] {logging_mixin.py:104} INFO - [2021-05-28 20:52:00,649] {dagbag.py:448} INFO - Filling up the DagBag from /home/airflow/.local/lib/python3.6/site-packages/airflow/example_dags/example_bash_operator.py
[2021-05-28 20:52:00,670] {scheduler_job.py:639} INFO - DAG(s) dict_keys(['example_bash_operator']) retrieved from /home/airflow/.local/lib/python3.6/site-packages/airflow/example_dags/example_bash_operator.py
[2021-05-28 20:52:00,744] {logging_mixin.py:104} INFO - [2021-05-28 20:52:00,744] {dag.py:1818} INFO - Sync 1 DAGs
[2021-05-28 20:52:00,797] {logging_mixin.py:104} INFO - [2021-05-28 20:52:00,797] {dag.py:2273} INFO - Setting next_dagrun for example_bash_operator to 2021-05-26 00:00:00+00:00
[2021-05-28 20:52:00,822] {scheduler_job.py:190} INFO - Processing /home/airflow/.local/lib/python3.6/site-packages/airflow/example_dags/example_bash_operator.py took 0.183 seconds
[2021-05-28 20:52:30,972] {scheduler_job.py:182} INFO - Started process (PID=218) to work on /home/airflow/.local/lib/python3.6/site-packages/airflow/example_dags/example_bash_operator.py
[2021-05-28 20:52:30,975] {scheduler_job.py:629} INFO - Processing file /home/airflow/.local/lib/python3.6/site-packages/airflow/example_dags/example_bash_operator.py for tasks to queue
[2021-05-28 20:52:30,977] {logging_mixin.py:104} INFO - [2021-05-28 20:52:30,977] {dagbag.py:448} INFO - Filling up the DagBag from /home/airflow/.local/lib/python3.6/site-packages/airflow/example_dags/example_bash_operator.py
[2021-05-28 20:52:30,997] {scheduler_job.py:639} INFO - DAG(s) dict_keys(['example_bash_operator']) retrieved from /home/airflow/.local/lib/python3.6/site-packages/airflow/example_dags/example_bash_operator.py
[2021-05-28 20:52:31,063] {logging_mixin.py:104} INFO - [2021-05-28 20:52:31,063] {dag.py:1818} INFO - Sync 1 DAGs
[2021-05-28 20:52:31,111] {logging_mixin.py:104} INFO - [2021-05-28 20:52:31,111] {dag.py:2273} INFO - Setting next_dagrun for example_bash_operator to 2021-05-26 00:00:00+00:00
[2021-05-28 20:52:31,133] {scheduler_job.py:190} INFO - Processing /home/airflow/.local/lib/python3.6/site-packages/airflow/example_dags/example_bash_operator.py took 0.165 seconds
[2021-05-28 20:53:01,777] {scheduler_job.py:182} INFO - Started process (PID=249) to work on /home/airflow/.local/lib/python3.6/site-packages/airflow/example_dags/example_bash_operator.py
[2021-05-28 20:53:01,779] {scheduler_job.py:629} INFO - Processing file /home/airflow/.local/lib/python3.6/site-packages/airflow/example_dags/example_bash_operator.py for tasks to queue
[2021-05-28 20:53:01,780] {logging_mixin.py:104} INFO - [2021-05-28 20:53:01,780] {dagbag.py:448} INFO - Filling up the DagBag from /home/airflow/.local/lib/python3.6/site-packages/airflow/example_dags/example_bash_operator.py
[2021-05-28 20:53:01,796] {scheduler_job.py:639} INFO - DAG(s) dict_keys(['example_bash_operator']) retrieved from /home/airflow/.local/lib/python3.6/site-packages/airflow/example_dags/example_bash_operator.py
[2021-05-28 20:53:01,861] {logging_mixin.py:104} INFO - [2021-05-28 20:53:01,861] {dag.py:1818} INFO - Sync 1 DAGs
[2021-05-28 20:53:01,916] {logging_mixin.py:104} INFO - [2021-05-28 20:53:01,916] {dag.py:2273} INFO - Setting next_dagrun for example_bash_operator to 2021-05-26 00:00:00+00:00
[2021-05-28 20:53:01,938] {scheduler_job.py:190} INFO - Processing /home/airflow/.local/lib/python3.6/site-packages/airflow/example_dags/example_bash_operator.py took 0.166 seconds
[2021-05-28 20:53:32,544] {scheduler_job.py:182} INFO - Started process (PID=285) to work on /home/airflow/.local/lib/python3.6/site-packages/airflow/example_dags/example_bash_operator.py
[2021-05-28 20:53:32,549] {scheduler_job.py:629} INFO - Processing file /home/airflow/.local/lib/python3.6/site-packages/airflow/example_dags/example_bash_operator.py for tasks to queue
[2021-05-28 20:53:32,551] {logging_mixin.py:104} INFO - [2021-05-28 20:53:32,551] {dagbag.py:448} INFO - Filling up the DagBag from /home/airflow/.local/lib/python3.6/site-packages/airflow/example_dags/example_bash_operator.py
[2021-05-28 20:53:32,580] {scheduler_job.py:639} INFO - DAG(s) dict_keys(['example_bash_operator']) retrieved from /home/airflow/.local/lib/python3.6/site-packages/airflow/example_dags/example_bash_operator.py
[2021-05-28 20:53:32,700] {logging_mixin.py:104} INFO - [2021-05-28 20:53:32,700] {dag.py:1818} INFO - Sync 1 DAGs
[2021-05-28 20:53:32,761] {logging_mixin.py:104} INFO - [2021-05-28 20:53:32,761] {dag.py:2273} INFO - Setting next_dagrun for example_bash_operator to 2021-05-26 00:00:00+00:00
[2021-05-28 20:53:32,784] {scheduler_job.py:190} INFO - Processing /home/airflow/.local/lib/python3.6/site-packages/airflow/example_dags/example_bash_operator.py took 0.249 seconds
[2021-05-28 20:54:03,831] {scheduler_job.py:182} INFO - Started process (PID=324) to work on /home/airflow/.local/lib/python3.6/site-packages/airflow/example_dags/example_bash_operator.py
[2021-05-28 20:54:03,834] {scheduler_job.py:629} INFO - Processing file /home/airflow/.local/lib/python3.6/site-packages/airflow/example_dags/example_bash_operator.py for tasks to queue
[2021-05-28 20:54:03,837] {logging_mixin.py:104} INFO - [2021-05-28 20:54:03,836] {dagbag.py:448} INFO - Filling up the DagBag from /home/airflow/.local/lib/python3.6/site-packages/airflow/example_dags/example_bash_operator.py
[2021-05-28 20:54:03,854] {scheduler_job.py:639} INFO - DAG(s) dict_keys(['example_bash_operator']) retrieved from /home/airflow/.local/lib/python3.6/site-packages/airflow/example_dags/example_bash_operator.py
[2021-05-28 20:54:03,964] {logging_mixin.py:104} INFO - [2021-05-28 20:54:03,964] {dag.py:1818} INFO - Sync 1 DAGs
[2021-05-28 20:54:04,050] {logging_mixin.py:104} INFO - [2021-05-28 20:54:04,050] {dag.py:2273} INFO - Setting next_dagrun for example_bash_operator to 2021-05-26 00:00:00+00:00
[2021-05-28 20:54:04,080] {scheduler_job.py:190} INFO - Processing /home/airflow/.local/lib/python3.6/site-packages/airflow/example_dags/example_bash_operator.py took 0.254 seconds
[2021-05-28 20:55:30,462] {scheduler_job.py:182} INFO - Started process (PID=56) to work on /home/airflow/.local/lib/python3.6/site-packages/airflow/example_dags/example_bash_operator.py
[2021-05-28 20:55:30,469] {scheduler_job.py:629} INFO - Processing file /home/airflow/.local/lib/python3.6/site-packages/airflow/example_dags/example_bash_operator.py for tasks to queue
[2021-05-28 20:55:30,476] {logging_mixin.py:104} INFO - [2021-05-28 20:55:30,475] {dagbag.py:448} INFO - Filling up the DagBag from /home/airflow/.local/lib/python3.6/site-packages/airflow/example_dags/example_bash_operator.py
[2021-05-28 20:55:30,531] {scheduler_job.py:639} INFO - DAG(s) dict_keys(['example_bash_operator']) retrieved from /home/airflow/.local/lib/python3.6/site-packages/airflow/example_dags/example_bash_operator.py
[2021-05-28 20:55:30,669] {logging_mixin.py:104} INFO - [2021-05-28 20:55:30,669] {dag.py:1818} INFO - Sync 1 DAGs
[2021-05-28 20:55:30,856] {logging_mixin.py:104} INFO - [2021-05-28 20:55:30,856] {dag.py:2273} INFO - Setting next_dagrun for example_bash_operator to 2021-05-26 00:00:00+00:00
[2021-05-28 20:55:30,919] {scheduler_job.py:190} INFO - Processing /home/airflow/.local/lib/python3.6/site-packages/airflow/example_dags/example_bash_operator.py took 0.468 seconds
[2021-05-28 20:56:03,938] {scheduler_job.py:182} INFO - Started process (PID=93) to work on /home/airflow/.local/lib/python3.6/site-packages/airflow/example_dags/example_bash_operator.py
[2021-05-28 20:56:03,945] {scheduler_job.py:629} INFO - Processing file /home/airflow/.local/lib/python3.6/site-packages/airflow/example_dags/example_bash_operator.py for tasks to queue
[2021-05-28 20:56:03,949] {logging_mixin.py:104} INFO - [2021-05-28 20:56:03,948] {dagbag.py:448} INFO - Filling up the DagBag from /home/airflow/.local/lib/python3.6/site-packages/airflow/example_dags/example_bash_operator.py
[2021-05-28 20:56:03,996] {scheduler_job.py:639} INFO - DAG(s) dict_keys(['example_bash_operator']) retrieved from /home/airflow/.local/lib/python3.6/site-packages/airflow/example_dags/example_bash_operator.py
[2021-05-28 20:56:04,130] {logging_mixin.py:104} INFO - [2021-05-28 20:56:04,130] {dag.py:1818} INFO - Sync 1 DAGs
[2021-05-28 20:56:04,306] {logging_mixin.py:104} INFO - [2021-05-28 20:56:04,306] {dag.py:2273} INFO - Setting next_dagrun for example_bash_operator to 2021-05-26 00:00:00+00:00
[2021-05-28 20:56:04,357] {scheduler_job.py:190} INFO - Processing /home/airflow/.local/lib/python3.6/site-packages/airflow/example_dags/example_bash_operator.py took 0.453 seconds
[2021-05-28 20:56:37,276] {scheduler_job.py:182} INFO - Started process (PID=126) to work on /home/airflow/.local/lib/python3.6/site-packages/airflow/example_dags/example_bash_operator.py
[2021-05-28 20:56:37,283] {scheduler_job.py:629} INFO - Processing file /home/airflow/.local/lib/python3.6/site-packages/airflow/example_dags/example_bash_operator.py for tasks to queue
[2021-05-28 20:56:37,290] {logging_mixin.py:104} INFO - [2021-05-28 20:56:37,290] {dagbag.py:448} INFO - Filling up the DagBag from /home/airflow/.local/lib/python3.6/site-packages/airflow/example_dags/example_bash_operator.py
[2021-05-28 20:56:37,369] {scheduler_job.py:639} INFO - DAG(s) dict_keys(['example_bash_operator']) retrieved from /home/airflow/.local/lib/python3.6/site-packages/airflow/example_dags/example_bash_operator.py
[2021-05-28 20:56:37,533] {logging_mixin.py:104} INFO - [2021-05-28 20:56:37,533] {dag.py:1818} INFO - Sync 1 DAGs
[2021-05-28 20:56:37,681] {logging_mixin.py:104} INFO - [2021-05-28 20:56:37,680] {dag.py:2273} INFO - Setting next_dagrun for example_bash_operator to 2021-05-26 00:00:00+00:00
[2021-05-28 20:56:37,740] {scheduler_job.py:190} INFO - Processing /home/airflow/.local/lib/python3.6/site-packages/airflow/example_dags/example_bash_operator.py took 0.480 seconds
[2021-05-28 20:57:09,141] {scheduler_job.py:182} INFO - Started process (PID=158) to work on /home/airflow/.local/lib/python3.6/site-packages/airflow/example_dags/example_bash_operator.py
[2021-05-28 20:57:09,145] {scheduler_job.py:629} INFO - Processing file /home/airflow/.local/lib/python3.6/site-packages/airflow/example_dags/example_bash_operator.py for tasks to queue
[2021-05-28 20:57:09,168] {logging_mixin.py:104} INFO - [2021-05-28 20:57:09,167] {dagbag.py:448} INFO - Filling up the DagBag from /home/airflow/.local/lib/python3.6/site-packages/airflow/example_dags/example_bash_operator.py
[2021-05-28 20:57:09,224] {scheduler_job.py:639} INFO - DAG(s) dict_keys(['example_bash_operator']) retrieved from /home/airflow/.local/lib/python3.6/site-packages/airflow/example_dags/example_bash_operator.py
[2021-05-28 20:57:09,442] {logging_mixin.py:104} INFO - [2021-05-28 20:57:09,442] {dag.py:1818} INFO - Sync 1 DAGs
[2021-05-28 20:57:09,661] {logging_mixin.py:104} INFO - [2021-05-28 20:57:09,661] {dag.py:2273} INFO - Setting next_dagrun for example_bash_operator to 2021-05-26 00:00:00+00:00
[2021-05-28 20:57:09,758] {scheduler_job.py:190} INFO - Processing /home/airflow/.local/lib/python3.6/site-packages/airflow/example_dags/example_bash_operator.py took 0.670 seconds
[2021-05-28 20:57:40,264] {scheduler_job.py:182} INFO - Started process (PID=191) to work on /home/airflow/.local/lib/python3.6/site-packages/airflow/example_dags/example_bash_operator.py
[2021-05-28 20:57:40,266] {scheduler_job.py:629} INFO - Processing file /home/airflow/.local/lib/python3.6/site-packages/airflow/example_dags/example_bash_operator.py for tasks to queue
[2021-05-28 20:57:40,269] {logging_mixin.py:104} INFO - [2021-05-28 20:57:40,268] {dagbag.py:448} INFO - Filling up the DagBag from /home/airflow/.local/lib/python3.6/site-packages/airflow/example_dags/example_bash_operator.py
[2021-05-28 20:57:40,297] {scheduler_job.py:639} INFO - DAG(s) dict_keys(['example_bash_operator']) retrieved from /home/airflow/.local/lib/python3.6/site-packages/airflow/example_dags/example_bash_operator.py
[2021-05-28 20:57:40,413] {logging_mixin.py:104} INFO - [2021-05-28 20:57:40,413] {dag.py:1818} INFO - Sync 1 DAGs
[2021-05-28 20:57:40,519] {logging_mixin.py:104} INFO - [2021-05-28 20:57:40,518] {dag.py:2273} INFO - Setting next_dagrun for example_bash_operator to 2021-05-26 00:00:00+00:00
[2021-05-28 20:57:40,568] {scheduler_job.py:190} INFO - Processing /home/airflow/.local/lib/python3.6/site-packages/airflow/example_dags/example_bash_operator.py took 0.312 seconds
[2021-05-28 20:58:10,721] {scheduler_job.py:182} INFO - Started process (PID=223) to work on /home/airflow/.local/lib/python3.6/site-packages/airflow/example_dags/example_bash_operator.py
[2021-05-28 20:58:10,725] {scheduler_job.py:629} INFO - Processing file /home/airflow/.local/lib/python3.6/site-packages/airflow/example_dags/example_bash_operator.py for tasks to queue
[2021-05-28 20:58:10,726] {logging_mixin.py:104} INFO - [2021-05-28 20:58:10,726] {dagbag.py:448} INFO - Filling up the DagBag from /home/airflow/.local/lib/python3.6/site-packages/airflow/example_dags/example_bash_operator.py
[2021-05-28 20:58:10,752] {scheduler_job.py:639} INFO - DAG(s) dict_keys(['example_bash_operator']) retrieved from /home/airflow/.local/lib/python3.6/site-packages/airflow/example_dags/example_bash_operator.py
[2021-05-28 20:58:10,881] {logging_mixin.py:104} INFO - [2021-05-28 20:58:10,880] {dag.py:1818} INFO - Sync 1 DAGs
[2021-05-28 20:58:10,995] {logging_mixin.py:104} INFO - [2021-05-28 20:58:10,995] {dag.py:2273} INFO - Setting next_dagrun for example_bash_operator to 2021-05-26 00:00:00+00:00
[2021-05-28 20:58:11,034] {scheduler_job.py:190} INFO - Processing /home/airflow/.local/lib/python3.6/site-packages/airflow/example_dags/example_bash_operator.py took 0.321 seconds
[2021-05-28 20:58:41,688] {scheduler_job.py:182} INFO - Started process (PID=256) to work on /home/airflow/.local/lib/python3.6/site-packages/airflow/example_dags/example_bash_operator.py
[2021-05-28 20:58:41,692] {scheduler_job.py:629} INFO - Processing file /home/airflow/.local/lib/python3.6/site-packages/airflow/example_dags/example_bash_operator.py for tasks to queue
[2021-05-28 20:58:41,694] {logging_mixin.py:104} INFO - [2021-05-28 20:58:41,693] {dagbag.py:448} INFO - Filling up the DagBag from /home/airflow/.local/lib/python3.6/site-packages/airflow/example_dags/example_bash_operator.py
[2021-05-28 20:58:41,752] {scheduler_job.py:639} INFO - DAG(s) dict_keys(['example_bash_operator']) retrieved from /home/airflow/.local/lib/python3.6/site-packages/airflow/example_dags/example_bash_operator.py
[2021-05-28 20:58:41,899] {logging_mixin.py:104} INFO - [2021-05-28 20:58:41,898] {dag.py:1818} INFO - Sync 1 DAGs
[2021-05-28 20:58:42,019] {logging_mixin.py:104} INFO - [2021-05-28 20:58:42,019] {dag.py:2273} INFO - Setting next_dagrun for example_bash_operator to 2021-05-26 00:00:00+00:00
[2021-05-28 20:58:42,074] {scheduler_job.py:190} INFO - Processing /home/airflow/.local/lib/python3.6/site-packages/airflow/example_dags/example_bash_operator.py took 0.393 seconds
