[2021-05-28 20:49:48,232] {scheduler_job.py:182} INFO - Started process (PID=27) to work on /home/airflow/.local/lib/python3.6/site-packages/airflow/example_dags/example_dag_decorator.py
[2021-05-28 20:49:48,234] {scheduler_job.py:629} INFO - Processing file /home/airflow/.local/lib/python3.6/site-packages/airflow/example_dags/example_dag_decorator.py for tasks to queue
[2021-05-28 20:49:48,236] {logging_mixin.py:104} INFO - [2021-05-28 20:49:48,235] {dagbag.py:448} INFO - Filling up the DagBag from /home/airflow/.local/lib/python3.6/site-packages/airflow/example_dags/example_dag_decorator.py
[2021-05-28 20:49:48,297] {scheduler_job.py:639} INFO - DAG(s) dict_keys(['example_dag_decorator']) retrieved from /home/airflow/.local/lib/python3.6/site-packages/airflow/example_dags/example_dag_decorator.py
[2021-05-28 20:49:48,405] {logging_mixin.py:104} INFO - [2021-05-28 20:49:48,404] {dag.py:1818} INFO - Sync 1 DAGs
[2021-05-28 20:49:48,452] {logging_mixin.py:104} INFO - [2021-05-28 20:49:48,452] {dag.py:1837} INFO - Creating ORM DAG for example_dag_decorator
[2021-05-28 20:49:48,494] {logging_mixin.py:104} INFO - [2021-05-28 20:49:48,494] {dag.py:2273} INFO - Setting next_dagrun for example_dag_decorator to None
[2021-05-28 20:49:48,553] {scheduler_job.py:190} INFO - Processing /home/airflow/.local/lib/python3.6/site-packages/airflow/example_dags/example_dag_decorator.py took 0.328 seconds
[2021-05-28 20:50:22,236] {scheduler_job.py:182} INFO - Started process (PID=61) to work on /home/airflow/.local/lib/python3.6/site-packages/airflow/example_dags/example_dag_decorator.py
[2021-05-28 20:50:22,240] {scheduler_job.py:629} INFO - Processing file /home/airflow/.local/lib/python3.6/site-packages/airflow/example_dags/example_dag_decorator.py for tasks to queue
[2021-05-28 20:50:22,246] {logging_mixin.py:104} INFO - [2021-05-28 20:50:22,245] {dagbag.py:448} INFO - Filling up the DagBag from /home/airflow/.local/lib/python3.6/site-packages/airflow/example_dags/example_dag_decorator.py
[2021-05-28 20:50:22,358] {scheduler_job.py:639} INFO - DAG(s) dict_keys(['example_dag_decorator']) retrieved from /home/airflow/.local/lib/python3.6/site-packages/airflow/example_dags/example_dag_decorator.py
[2021-05-28 20:50:22,475] {logging_mixin.py:104} INFO - [2021-05-28 20:50:22,475] {dag.py:1818} INFO - Sync 1 DAGs
[2021-05-28 20:50:22,578] {logging_mixin.py:104} INFO - [2021-05-28 20:50:22,578] {dag.py:2273} INFO - Setting next_dagrun for example_dag_decorator to None
[2021-05-28 20:50:22,802] {scheduler_job.py:190} INFO - Processing /home/airflow/.local/lib/python3.6/site-packages/airflow/example_dags/example_dag_decorator.py took 0.577 seconds
[2021-05-28 20:50:52,975] {scheduler_job.py:182} INFO - Started process (PID=86) to work on /home/airflow/.local/lib/python3.6/site-packages/airflow/example_dags/example_dag_decorator.py
[2021-05-28 20:50:52,977] {scheduler_job.py:629} INFO - Processing file /home/airflow/.local/lib/python3.6/site-packages/airflow/example_dags/example_dag_decorator.py for tasks to queue
[2021-05-28 20:50:52,978] {logging_mixin.py:104} INFO - [2021-05-28 20:50:52,978] {dagbag.py:448} INFO - Filling up the DagBag from /home/airflow/.local/lib/python3.6/site-packages/airflow/example_dags/example_dag_decorator.py
[2021-05-28 20:50:53,001] {scheduler_job.py:639} INFO - DAG(s) dict_keys(['example_dag_decorator']) retrieved from /home/airflow/.local/lib/python3.6/site-packages/airflow/example_dags/example_dag_decorator.py
[2021-05-28 20:50:53,085] {logging_mixin.py:104} INFO - [2021-05-28 20:50:53,085] {dag.py:1818} INFO - Sync 1 DAGs
[2021-05-28 20:50:53,125] {logging_mixin.py:104} INFO - [2021-05-28 20:50:53,125] {dag.py:2273} INFO - Setting next_dagrun for example_dag_decorator to None
[2021-05-28 20:50:53,154] {scheduler_job.py:190} INFO - Processing /home/airflow/.local/lib/python3.6/site-packages/airflow/example_dags/example_dag_decorator.py took 0.183 seconds
[2021-05-28 20:51:23,503] {scheduler_job.py:182} INFO - Started process (PID=131) to work on /home/airflow/.local/lib/python3.6/site-packages/airflow/example_dags/example_dag_decorator.py
[2021-05-28 20:51:23,506] {scheduler_job.py:629} INFO - Processing file /home/airflow/.local/lib/python3.6/site-packages/airflow/example_dags/example_dag_decorator.py for tasks to queue
[2021-05-28 20:51:23,508] {logging_mixin.py:104} INFO - [2021-05-28 20:51:23,508] {dagbag.py:448} INFO - Filling up the DagBag from /home/airflow/.local/lib/python3.6/site-packages/airflow/example_dags/example_dag_decorator.py
[2021-05-28 20:51:23,547] {scheduler_job.py:639} INFO - DAG(s) dict_keys(['example_dag_decorator']) retrieved from /home/airflow/.local/lib/python3.6/site-packages/airflow/example_dags/example_dag_decorator.py
[2021-05-28 20:51:23,659] {logging_mixin.py:104} INFO - [2021-05-28 20:51:23,659] {dag.py:1818} INFO - Sync 1 DAGs
[2021-05-28 20:51:23,718] {logging_mixin.py:104} INFO - [2021-05-28 20:51:23,718] {dag.py:2273} INFO - Setting next_dagrun for example_dag_decorator to None
[2021-05-28 20:51:23,750] {scheduler_job.py:190} INFO - Processing /home/airflow/.local/lib/python3.6/site-packages/airflow/example_dags/example_dag_decorator.py took 0.256 seconds
[2021-05-28 20:51:53,991] {scheduler_job.py:182} INFO - Started process (PID=157) to work on /home/airflow/.local/lib/python3.6/site-packages/airflow/example_dags/example_dag_decorator.py
[2021-05-28 20:51:53,993] {scheduler_job.py:629} INFO - Processing file /home/airflow/.local/lib/python3.6/site-packages/airflow/example_dags/example_dag_decorator.py for tasks to queue
[2021-05-28 20:51:53,994] {logging_mixin.py:104} INFO - [2021-05-28 20:51:53,994] {dagbag.py:448} INFO - Filling up the DagBag from /home/airflow/.local/lib/python3.6/site-packages/airflow/example_dags/example_dag_decorator.py
[2021-05-28 20:51:54,027] {scheduler_job.py:639} INFO - DAG(s) dict_keys(['example_dag_decorator']) retrieved from /home/airflow/.local/lib/python3.6/site-packages/airflow/example_dags/example_dag_decorator.py
[2021-05-28 20:51:54,130] {logging_mixin.py:104} INFO - [2021-05-28 20:51:54,130] {dag.py:1818} INFO - Sync 1 DAGs
[2021-05-28 20:51:54,192] {logging_mixin.py:104} INFO - [2021-05-28 20:51:54,192] {dag.py:2273} INFO - Setting next_dagrun for example_dag_decorator to None
[2021-05-28 20:51:54,208] {scheduler_job.py:190} INFO - Processing /home/airflow/.local/lib/python3.6/site-packages/airflow/example_dags/example_dag_decorator.py took 0.243 seconds
[2021-05-28 20:52:24,545] {scheduler_job.py:182} INFO - Started process (PID=197) to work on /home/airflow/.local/lib/python3.6/site-packages/airflow/example_dags/example_dag_decorator.py
[2021-05-28 20:52:24,547] {scheduler_job.py:629} INFO - Processing file /home/airflow/.local/lib/python3.6/site-packages/airflow/example_dags/example_dag_decorator.py for tasks to queue
[2021-05-28 20:52:24,549] {logging_mixin.py:104} INFO - [2021-05-28 20:52:24,549] {dagbag.py:448} INFO - Filling up the DagBag from /home/airflow/.local/lib/python3.6/site-packages/airflow/example_dags/example_dag_decorator.py
[2021-05-28 20:52:24,568] {scheduler_job.py:639} INFO - DAG(s) dict_keys(['example_dag_decorator']) retrieved from /home/airflow/.local/lib/python3.6/site-packages/airflow/example_dags/example_dag_decorator.py
[2021-05-28 20:52:24,649] {logging_mixin.py:104} INFO - [2021-05-28 20:52:24,649] {dag.py:1818} INFO - Sync 1 DAGs
[2021-05-28 20:52:24,693] {logging_mixin.py:104} INFO - [2021-05-28 20:52:24,693] {dag.py:2273} INFO - Setting next_dagrun for example_dag_decorator to None
[2021-05-28 20:52:24,719] {scheduler_job.py:190} INFO - Processing /home/airflow/.local/lib/python3.6/site-packages/airflow/example_dags/example_dag_decorator.py took 0.179 seconds
[2021-05-28 20:52:54,902] {scheduler_job.py:182} INFO - Started process (PID=226) to work on /home/airflow/.local/lib/python3.6/site-packages/airflow/example_dags/example_dag_decorator.py
[2021-05-28 20:52:54,904] {scheduler_job.py:629} INFO - Processing file /home/airflow/.local/lib/python3.6/site-packages/airflow/example_dags/example_dag_decorator.py for tasks to queue
[2021-05-28 20:52:54,905] {logging_mixin.py:104} INFO - [2021-05-28 20:52:54,905] {dagbag.py:448} INFO - Filling up the DagBag from /home/airflow/.local/lib/python3.6/site-packages/airflow/example_dags/example_dag_decorator.py
[2021-05-28 20:52:54,930] {scheduler_job.py:639} INFO - DAG(s) dict_keys(['example_dag_decorator']) retrieved from /home/airflow/.local/lib/python3.6/site-packages/airflow/example_dags/example_dag_decorator.py
[2021-05-28 20:52:55,027] {logging_mixin.py:104} INFO - [2021-05-28 20:52:55,027] {dag.py:1818} INFO - Sync 1 DAGs
[2021-05-28 20:52:55,081] {logging_mixin.py:104} INFO - [2021-05-28 20:52:55,081] {dag.py:2273} INFO - Setting next_dagrun for example_dag_decorator to None
[2021-05-28 20:52:55,116] {scheduler_job.py:190} INFO - Processing /home/airflow/.local/lib/python3.6/site-packages/airflow/example_dags/example_dag_decorator.py took 0.218 seconds
[2021-05-28 20:53:25,313] {scheduler_job.py:182} INFO - Started process (PID=268) to work on /home/airflow/.local/lib/python3.6/site-packages/airflow/example_dags/example_dag_decorator.py
[2021-05-28 20:53:25,315] {scheduler_job.py:629} INFO - Processing file /home/airflow/.local/lib/python3.6/site-packages/airflow/example_dags/example_dag_decorator.py for tasks to queue
[2021-05-28 20:53:25,316] {logging_mixin.py:104} INFO - [2021-05-28 20:53:25,316] {dagbag.py:448} INFO - Filling up the DagBag from /home/airflow/.local/lib/python3.6/site-packages/airflow/example_dags/example_dag_decorator.py
[2021-05-28 20:53:25,335] {scheduler_job.py:639} INFO - DAG(s) dict_keys(['example_dag_decorator']) retrieved from /home/airflow/.local/lib/python3.6/site-packages/airflow/example_dags/example_dag_decorator.py
[2021-05-28 20:53:25,404] {logging_mixin.py:104} INFO - [2021-05-28 20:53:25,403] {dag.py:1818} INFO - Sync 1 DAGs
[2021-05-28 20:53:25,445] {logging_mixin.py:104} INFO - [2021-05-28 20:53:25,444] {dag.py:2273} INFO - Setting next_dagrun for example_dag_decorator to None
[2021-05-28 20:53:25,478] {scheduler_job.py:190} INFO - Processing /home/airflow/.local/lib/python3.6/site-packages/airflow/example_dags/example_dag_decorator.py took 0.170 seconds
[2021-05-28 20:53:55,804] {scheduler_job.py:182} INFO - Started process (PID=300) to work on /home/airflow/.local/lib/python3.6/site-packages/airflow/example_dags/example_dag_decorator.py
[2021-05-28 20:53:55,806] {scheduler_job.py:629} INFO - Processing file /home/airflow/.local/lib/python3.6/site-packages/airflow/example_dags/example_dag_decorator.py for tasks to queue
[2021-05-28 20:53:55,807] {logging_mixin.py:104} INFO - [2021-05-28 20:53:55,807] {dagbag.py:448} INFO - Filling up the DagBag from /home/airflow/.local/lib/python3.6/site-packages/airflow/example_dags/example_dag_decorator.py
[2021-05-28 20:53:55,828] {scheduler_job.py:639} INFO - DAG(s) dict_keys(['example_dag_decorator']) retrieved from /home/airflow/.local/lib/python3.6/site-packages/airflow/example_dags/example_dag_decorator.py
[2021-05-28 20:53:55,909] {logging_mixin.py:104} INFO - [2021-05-28 20:53:55,909] {dag.py:1818} INFO - Sync 1 DAGs
[2021-05-28 20:53:55,951] {logging_mixin.py:104} INFO - [2021-05-28 20:53:55,951] {dag.py:2273} INFO - Setting next_dagrun for example_dag_decorator to None
[2021-05-28 20:53:55,976] {scheduler_job.py:190} INFO - Processing /home/airflow/.local/lib/python3.6/site-packages/airflow/example_dags/example_dag_decorator.py took 0.178 seconds
[2021-05-28 20:55:27,353] {scheduler_job.py:182} INFO - Started process (PID=45) to work on /home/airflow/.local/lib/python3.6/site-packages/airflow/example_dags/example_dag_decorator.py
[2021-05-28 20:55:27,379] {scheduler_job.py:629} INFO - Processing file /home/airflow/.local/lib/python3.6/site-packages/airflow/example_dags/example_dag_decorator.py for tasks to queue
[2021-05-28 20:55:27,394] {logging_mixin.py:104} INFO - [2021-05-28 20:55:27,392] {dagbag.py:448} INFO - Filling up the DagBag from /home/airflow/.local/lib/python3.6/site-packages/airflow/example_dags/example_dag_decorator.py
[2021-05-28 20:55:27,522] {scheduler_job.py:639} INFO - DAG(s) dict_keys(['example_dag_decorator']) retrieved from /home/airflow/.local/lib/python3.6/site-packages/airflow/example_dags/example_dag_decorator.py
[2021-05-28 20:55:27,777] {logging_mixin.py:104} INFO - [2021-05-28 20:55:27,776] {dag.py:1818} INFO - Sync 1 DAGs
[2021-05-28 20:55:27,929] {logging_mixin.py:104} INFO - [2021-05-28 20:55:27,929] {dag.py:2273} INFO - Setting next_dagrun for example_dag_decorator to None
[2021-05-28 20:55:28,028] {scheduler_job.py:190} INFO - Processing /home/airflow/.local/lib/python3.6/site-packages/airflow/example_dags/example_dag_decorator.py took 0.700 seconds
[2021-05-28 20:55:59,895] {scheduler_job.py:182} INFO - Started process (PID=81) to work on /home/airflow/.local/lib/python3.6/site-packages/airflow/example_dags/example_dag_decorator.py
[2021-05-28 20:55:59,905] {scheduler_job.py:629} INFO - Processing file /home/airflow/.local/lib/python3.6/site-packages/airflow/example_dags/example_dag_decorator.py for tasks to queue
[2021-05-28 20:55:59,912] {logging_mixin.py:104} INFO - [2021-05-28 20:55:59,911] {dagbag.py:448} INFO - Filling up the DagBag from /home/airflow/.local/lib/python3.6/site-packages/airflow/example_dags/example_dag_decorator.py
[2021-05-28 20:55:59,982] {scheduler_job.py:639} INFO - DAG(s) dict_keys(['example_dag_decorator']) retrieved from /home/airflow/.local/lib/python3.6/site-packages/airflow/example_dags/example_dag_decorator.py
[2021-05-28 20:56:00,277] {logging_mixin.py:104} INFO - [2021-05-28 20:56:00,277] {dag.py:1818} INFO - Sync 1 DAGs
[2021-05-28 20:56:00,437] {logging_mixin.py:104} INFO - [2021-05-28 20:56:00,436] {dag.py:2273} INFO - Setting next_dagrun for example_dag_decorator to None
[2021-05-28 20:56:00,530] {scheduler_job.py:190} INFO - Processing /home/airflow/.local/lib/python3.6/site-packages/airflow/example_dags/example_dag_decorator.py took 0.663 seconds
[2021-05-28 20:56:30,928] {scheduler_job.py:182} INFO - Started process (PID=109) to work on /home/airflow/.local/lib/python3.6/site-packages/airflow/example_dags/example_dag_decorator.py
[2021-05-28 20:56:30,935] {scheduler_job.py:629} INFO - Processing file /home/airflow/.local/lib/python3.6/site-packages/airflow/example_dags/example_dag_decorator.py for tasks to queue
[2021-05-28 20:56:30,944] {logging_mixin.py:104} INFO - [2021-05-28 20:56:30,942] {dagbag.py:448} INFO - Filling up the DagBag from /home/airflow/.local/lib/python3.6/site-packages/airflow/example_dags/example_dag_decorator.py
[2021-05-28 20:56:31,042] {scheduler_job.py:639} INFO - DAG(s) dict_keys(['example_dag_decorator']) retrieved from /home/airflow/.local/lib/python3.6/site-packages/airflow/example_dags/example_dag_decorator.py
[2021-05-28 20:56:31,200] {logging_mixin.py:104} INFO - [2021-05-28 20:56:31,200] {dag.py:1818} INFO - Sync 1 DAGs
[2021-05-28 20:56:31,307] {logging_mixin.py:104} INFO - [2021-05-28 20:56:31,306] {dag.py:2273} INFO - Setting next_dagrun for example_dag_decorator to None
[2021-05-28 20:56:31,371] {scheduler_job.py:190} INFO - Processing /home/airflow/.local/lib/python3.6/site-packages/airflow/example_dags/example_dag_decorator.py took 0.466 seconds
[2021-05-28 20:57:01,931] {scheduler_job.py:182} INFO - Started process (PID=146) to work on /home/airflow/.local/lib/python3.6/site-packages/airflow/example_dags/example_dag_decorator.py
[2021-05-28 20:57:01,934] {scheduler_job.py:629} INFO - Processing file /home/airflow/.local/lib/python3.6/site-packages/airflow/example_dags/example_dag_decorator.py for tasks to queue
[2021-05-28 20:57:01,938] {logging_mixin.py:104} INFO - [2021-05-28 20:57:01,937] {dagbag.py:448} INFO - Filling up the DagBag from /home/airflow/.local/lib/python3.6/site-packages/airflow/example_dags/example_dag_decorator.py
[2021-05-28 20:57:02,030] {scheduler_job.py:639} INFO - DAG(s) dict_keys(['example_dag_decorator']) retrieved from /home/airflow/.local/lib/python3.6/site-packages/airflow/example_dags/example_dag_decorator.py
[2021-05-28 20:57:02,431] {logging_mixin.py:104} INFO - [2021-05-28 20:57:02,431] {dag.py:1818} INFO - Sync 1 DAGs
[2021-05-28 20:57:02,702] {logging_mixin.py:104} INFO - [2021-05-28 20:57:02,702] {dag.py:2273} INFO - Setting next_dagrun for example_dag_decorator to None
[2021-05-28 20:57:02,792] {scheduler_job.py:190} INFO - Processing /home/airflow/.local/lib/python3.6/site-packages/airflow/example_dags/example_dag_decorator.py took 0.869 seconds
[2021-05-28 20:57:33,164] {scheduler_job.py:182} INFO - Started process (PID=179) to work on /home/airflow/.local/lib/python3.6/site-packages/airflow/example_dags/example_dag_decorator.py
[2021-05-28 20:57:33,170] {scheduler_job.py:629} INFO - Processing file /home/airflow/.local/lib/python3.6/site-packages/airflow/example_dags/example_dag_decorator.py for tasks to queue
[2021-05-28 20:57:33,173] {logging_mixin.py:104} INFO - [2021-05-28 20:57:33,172] {dagbag.py:448} INFO - Filling up the DagBag from /home/airflow/.local/lib/python3.6/site-packages/airflow/example_dags/example_dag_decorator.py
[2021-05-28 20:57:33,224] {scheduler_job.py:639} INFO - DAG(s) dict_keys(['example_dag_decorator']) retrieved from /home/airflow/.local/lib/python3.6/site-packages/airflow/example_dags/example_dag_decorator.py
[2021-05-28 20:57:33,407] {logging_mixin.py:104} INFO - [2021-05-28 20:57:33,407] {dag.py:1818} INFO - Sync 1 DAGs
[2021-05-28 20:57:33,483] {logging_mixin.py:104} INFO - [2021-05-28 20:57:33,483] {dag.py:2273} INFO - Setting next_dagrun for example_dag_decorator to None
[2021-05-28 20:57:33,537] {scheduler_job.py:190} INFO - Processing /home/airflow/.local/lib/python3.6/site-packages/airflow/example_dags/example_dag_decorator.py took 0.394 seconds
[2021-05-28 20:58:03,615] {scheduler_job.py:182} INFO - Started process (PID=211) to work on /home/airflow/.local/lib/python3.6/site-packages/airflow/example_dags/example_dag_decorator.py
[2021-05-28 20:58:03,617] {scheduler_job.py:629} INFO - Processing file /home/airflow/.local/lib/python3.6/site-packages/airflow/example_dags/example_dag_decorator.py for tasks to queue
[2021-05-28 20:58:03,619] {logging_mixin.py:104} INFO - [2021-05-28 20:58:03,619] {dagbag.py:448} INFO - Filling up the DagBag from /home/airflow/.local/lib/python3.6/site-packages/airflow/example_dags/example_dag_decorator.py
[2021-05-28 20:58:03,648] {scheduler_job.py:639} INFO - DAG(s) dict_keys(['example_dag_decorator']) retrieved from /home/airflow/.local/lib/python3.6/site-packages/airflow/example_dags/example_dag_decorator.py
[2021-05-28 20:58:03,756] {logging_mixin.py:104} INFO - [2021-05-28 20:58:03,756] {dag.py:1818} INFO - Sync 1 DAGs
[2021-05-28 20:58:03,820] {logging_mixin.py:104} INFO - [2021-05-28 20:58:03,820] {dag.py:2273} INFO - Setting next_dagrun for example_dag_decorator to None
[2021-05-28 20:58:03,894] {scheduler_job.py:190} INFO - Processing /home/airflow/.local/lib/python3.6/site-packages/airflow/example_dags/example_dag_decorator.py took 0.286 seconds
[2021-05-28 20:58:35,137] {scheduler_job.py:182} INFO - Started process (PID=244) to work on /home/airflow/.local/lib/python3.6/site-packages/airflow/example_dags/example_dag_decorator.py
[2021-05-28 20:58:35,141] {scheduler_job.py:629} INFO - Processing file /home/airflow/.local/lib/python3.6/site-packages/airflow/example_dags/example_dag_decorator.py for tasks to queue
[2021-05-28 20:58:35,145] {logging_mixin.py:104} INFO - [2021-05-28 20:58:35,144] {dagbag.py:448} INFO - Filling up the DagBag from /home/airflow/.local/lib/python3.6/site-packages/airflow/example_dags/example_dag_decorator.py
[2021-05-28 20:58:35,283] {scheduler_job.py:639} INFO - DAG(s) dict_keys(['example_dag_decorator']) retrieved from /home/airflow/.local/lib/python3.6/site-packages/airflow/example_dags/example_dag_decorator.py
[2021-05-28 20:58:35,710] {logging_mixin.py:104} INFO - [2021-05-28 20:58:35,709] {dag.py:1818} INFO - Sync 1 DAGs
[2021-05-28 20:58:35,983] {logging_mixin.py:104} INFO - [2021-05-28 20:58:35,983] {dag.py:2273} INFO - Setting next_dagrun for example_dag_decorator to None
[2021-05-28 20:58:36,146] {scheduler_job.py:190} INFO - Processing /home/airflow/.local/lib/python3.6/site-packages/airflow/example_dags/example_dag_decorator.py took 1.022 seconds
