[2021-05-28 20:49:48,494] {scheduler_job.py:182} INFO - Started process (PID=28) to work on /home/airflow/.local/lib/python3.6/site-packages/airflow/example_dags/example_latest_only_with_trigger.py
[2021-05-28 20:49:48,497] {scheduler_job.py:629} INFO - Processing file /home/airflow/.local/lib/python3.6/site-packages/airflow/example_dags/example_latest_only_with_trigger.py for tasks to queue
[2021-05-28 20:49:48,499] {logging_mixin.py:104} INFO - [2021-05-28 20:49:48,499] {dagbag.py:448} INFO - Filling up the DagBag from /home/airflow/.local/lib/python3.6/site-packages/airflow/example_dags/example_latest_only_with_trigger.py
[2021-05-28 20:49:48,541] {scheduler_job.py:639} INFO - DAG(s) dict_keys(['latest_only_with_trigger']) retrieved from /home/airflow/.local/lib/python3.6/site-packages/airflow/example_dags/example_latest_only_with_trigger.py
[2021-05-28 20:49:48,652] {logging_mixin.py:104} INFO - [2021-05-28 20:49:48,652] {dag.py:1818} INFO - Sync 1 DAGs
[2021-05-28 20:49:48,694] {logging_mixin.py:104} INFO - [2021-05-28 20:49:48,694] {dag.py:1837} INFO - Creating ORM DAG for latest_only_with_trigger
[2021-05-28 20:49:48,730] {logging_mixin.py:104} INFO - [2021-05-28 20:49:48,730] {dag.py:2273} INFO - Setting next_dagrun for latest_only_with_trigger to 2021-05-26 00:00:00+00:00
[2021-05-28 20:49:48,788] {scheduler_job.py:190} INFO - Processing /home/airflow/.local/lib/python3.6/site-packages/airflow/example_dags/example_latest_only_with_trigger.py took 0.304 seconds
[2021-05-28 20:50:22,896] {scheduler_job.py:182} INFO - Started process (PID=62) to work on /home/airflow/.local/lib/python3.6/site-packages/airflow/example_dags/example_latest_only_with_trigger.py
[2021-05-28 20:50:22,904] {scheduler_job.py:629} INFO - Processing file /home/airflow/.local/lib/python3.6/site-packages/airflow/example_dags/example_latest_only_with_trigger.py for tasks to queue
[2021-05-28 20:50:22,906] {logging_mixin.py:104} INFO - [2021-05-28 20:50:22,906] {dagbag.py:448} INFO - Filling up the DagBag from /home/airflow/.local/lib/python3.6/site-packages/airflow/example_dags/example_latest_only_with_trigger.py
[2021-05-28 20:50:22,960] {scheduler_job.py:639} INFO - DAG(s) dict_keys(['latest_only_with_trigger']) retrieved from /home/airflow/.local/lib/python3.6/site-packages/airflow/example_dags/example_latest_only_with_trigger.py
[2021-05-28 20:50:23,132] {logging_mixin.py:104} INFO - [2021-05-28 20:50:23,132] {dag.py:1818} INFO - Sync 1 DAGs
[2021-05-28 20:50:23,219] {logging_mixin.py:104} INFO - [2021-05-28 20:50:23,218] {dag.py:2273} INFO - Setting next_dagrun for latest_only_with_trigger to 2021-05-26 00:00:00+00:00
[2021-05-28 20:50:23,249] {scheduler_job.py:190} INFO - Processing /home/airflow/.local/lib/python3.6/site-packages/airflow/example_dags/example_latest_only_with_trigger.py took 0.363 seconds
[2021-05-28 20:50:54,169] {scheduler_job.py:182} INFO - Started process (PID=89) to work on /home/airflow/.local/lib/python3.6/site-packages/airflow/example_dags/example_latest_only_with_trigger.py
[2021-05-28 20:50:54,175] {scheduler_job.py:629} INFO - Processing file /home/airflow/.local/lib/python3.6/site-packages/airflow/example_dags/example_latest_only_with_trigger.py for tasks to queue
[2021-05-28 20:50:54,176] {logging_mixin.py:104} INFO - [2021-05-28 20:50:54,176] {dagbag.py:448} INFO - Filling up the DagBag from /home/airflow/.local/lib/python3.6/site-packages/airflow/example_dags/example_latest_only_with_trigger.py
[2021-05-28 20:50:54,198] {scheduler_job.py:639} INFO - DAG(s) dict_keys(['latest_only_with_trigger']) retrieved from /home/airflow/.local/lib/python3.6/site-packages/airflow/example_dags/example_latest_only_with_trigger.py
[2021-05-28 20:50:54,259] {logging_mixin.py:104} INFO - [2021-05-28 20:50:54,259] {dag.py:1818} INFO - Sync 1 DAGs
[2021-05-28 20:50:54,301] {logging_mixin.py:104} INFO - [2021-05-28 20:50:54,301] {dag.py:2273} INFO - Setting next_dagrun for latest_only_with_trigger to 2021-05-26 00:00:00+00:00
[2021-05-28 20:50:54,322] {scheduler_job.py:190} INFO - Processing /home/airflow/.local/lib/python3.6/site-packages/airflow/example_dags/example_latest_only_with_trigger.py took 0.177 seconds
[2021-05-28 20:51:25,040] {scheduler_job.py:182} INFO - Started process (PID=133) to work on /home/airflow/.local/lib/python3.6/site-packages/airflow/example_dags/example_latest_only_with_trigger.py
[2021-05-28 20:51:25,043] {scheduler_job.py:629} INFO - Processing file /home/airflow/.local/lib/python3.6/site-packages/airflow/example_dags/example_latest_only_with_trigger.py for tasks to queue
[2021-05-28 20:51:25,047] {logging_mixin.py:104} INFO - [2021-05-28 20:51:25,047] {dagbag.py:448} INFO - Filling up the DagBag from /home/airflow/.local/lib/python3.6/site-packages/airflow/example_dags/example_latest_only_with_trigger.py
[2021-05-28 20:51:25,079] {scheduler_job.py:639} INFO - DAG(s) dict_keys(['latest_only_with_trigger']) retrieved from /home/airflow/.local/lib/python3.6/site-packages/airflow/example_dags/example_latest_only_with_trigger.py
[2021-05-28 20:51:25,152] {logging_mixin.py:104} INFO - [2021-05-28 20:51:25,152] {dag.py:1818} INFO - Sync 1 DAGs
[2021-05-28 20:51:25,197] {logging_mixin.py:104} INFO - [2021-05-28 20:51:25,197] {dag.py:2273} INFO - Setting next_dagrun for latest_only_with_trigger to 2021-05-26 00:00:00+00:00
[2021-05-28 20:51:25,217] {scheduler_job.py:190} INFO - Processing /home/airflow/.local/lib/python3.6/site-packages/airflow/example_dags/example_latest_only_with_trigger.py took 0.182 seconds
[2021-05-28 20:51:55,403] {scheduler_job.py:182} INFO - Started process (PID=166) to work on /home/airflow/.local/lib/python3.6/site-packages/airflow/example_dags/example_latest_only_with_trigger.py
[2021-05-28 20:51:55,407] {scheduler_job.py:629} INFO - Processing file /home/airflow/.local/lib/python3.6/site-packages/airflow/example_dags/example_latest_only_with_trigger.py for tasks to queue
[2021-05-28 20:51:55,409] {logging_mixin.py:104} INFO - [2021-05-28 20:51:55,409] {dagbag.py:448} INFO - Filling up the DagBag from /home/airflow/.local/lib/python3.6/site-packages/airflow/example_dags/example_latest_only_with_trigger.py
[2021-05-28 20:51:55,443] {scheduler_job.py:639} INFO - DAG(s) dict_keys(['latest_only_with_trigger']) retrieved from /home/airflow/.local/lib/python3.6/site-packages/airflow/example_dags/example_latest_only_with_trigger.py
[2021-05-28 20:51:55,540] {logging_mixin.py:104} INFO - [2021-05-28 20:51:55,540] {dag.py:1818} INFO - Sync 1 DAGs
[2021-05-28 20:51:55,596] {logging_mixin.py:104} INFO - [2021-05-28 20:51:55,596] {dag.py:2273} INFO - Setting next_dagrun for latest_only_with_trigger to 2021-05-26 00:00:00+00:00
[2021-05-28 20:51:55,623] {scheduler_job.py:190} INFO - Processing /home/airflow/.local/lib/python3.6/site-packages/airflow/example_dags/example_latest_only_with_trigger.py took 0.227 seconds
[2021-05-28 20:52:26,005] {scheduler_job.py:182} INFO - Started process (PID=200) to work on /home/airflow/.local/lib/python3.6/site-packages/airflow/example_dags/example_latest_only_with_trigger.py
[2021-05-28 20:52:26,008] {scheduler_job.py:629} INFO - Processing file /home/airflow/.local/lib/python3.6/site-packages/airflow/example_dags/example_latest_only_with_trigger.py for tasks to queue
[2021-05-28 20:52:26,010] {logging_mixin.py:104} INFO - [2021-05-28 20:52:26,010] {dagbag.py:448} INFO - Filling up the DagBag from /home/airflow/.local/lib/python3.6/site-packages/airflow/example_dags/example_latest_only_with_trigger.py
[2021-05-28 20:52:26,071] {scheduler_job.py:639} INFO - DAG(s) dict_keys(['latest_only_with_trigger']) retrieved from /home/airflow/.local/lib/python3.6/site-packages/airflow/example_dags/example_latest_only_with_trigger.py
[2021-05-28 20:52:26,375] {logging_mixin.py:104} INFO - [2021-05-28 20:52:26,375] {dag.py:1818} INFO - Sync 1 DAGs
[2021-05-28 20:52:26,488] {logging_mixin.py:104} INFO - [2021-05-28 20:52:26,488] {dag.py:2273} INFO - Setting next_dagrun for latest_only_with_trigger to 2021-05-26 00:00:00+00:00
[2021-05-28 20:52:26,515] {scheduler_job.py:190} INFO - Processing /home/airflow/.local/lib/python3.6/site-packages/airflow/example_dags/example_latest_only_with_trigger.py took 0.519 seconds
[2021-05-28 20:52:56,673] {scheduler_job.py:182} INFO - Started process (PID=229) to work on /home/airflow/.local/lib/python3.6/site-packages/airflow/example_dags/example_latest_only_with_trigger.py
[2021-05-28 20:52:56,677] {scheduler_job.py:629} INFO - Processing file /home/airflow/.local/lib/python3.6/site-packages/airflow/example_dags/example_latest_only_with_trigger.py for tasks to queue
[2021-05-28 20:52:56,679] {logging_mixin.py:104} INFO - [2021-05-28 20:52:56,678] {dagbag.py:448} INFO - Filling up the DagBag from /home/airflow/.local/lib/python3.6/site-packages/airflow/example_dags/example_latest_only_with_trigger.py
[2021-05-28 20:52:56,698] {scheduler_job.py:639} INFO - DAG(s) dict_keys(['latest_only_with_trigger']) retrieved from /home/airflow/.local/lib/python3.6/site-packages/airflow/example_dags/example_latest_only_with_trigger.py
[2021-05-28 20:52:56,765] {logging_mixin.py:104} INFO - [2021-05-28 20:52:56,765] {dag.py:1818} INFO - Sync 1 DAGs
[2021-05-28 20:52:56,806] {logging_mixin.py:104} INFO - [2021-05-28 20:52:56,806] {dag.py:2273} INFO - Setting next_dagrun for latest_only_with_trigger to 2021-05-26 00:00:00+00:00
[2021-05-28 20:52:56,827] {scheduler_job.py:190} INFO - Processing /home/airflow/.local/lib/python3.6/site-packages/airflow/example_dags/example_latest_only_with_trigger.py took 0.161 seconds
[2021-05-28 20:53:26,866] {scheduler_job.py:182} INFO - Started process (PID=271) to work on /home/airflow/.local/lib/python3.6/site-packages/airflow/example_dags/example_latest_only_with_trigger.py
[2021-05-28 20:53:26,868] {scheduler_job.py:629} INFO - Processing file /home/airflow/.local/lib/python3.6/site-packages/airflow/example_dags/example_latest_only_with_trigger.py for tasks to queue
[2021-05-28 20:53:26,870] {logging_mixin.py:104} INFO - [2021-05-28 20:53:26,870] {dagbag.py:448} INFO - Filling up the DagBag from /home/airflow/.local/lib/python3.6/site-packages/airflow/example_dags/example_latest_only_with_trigger.py
[2021-05-28 20:53:26,887] {scheduler_job.py:639} INFO - DAG(s) dict_keys(['latest_only_with_trigger']) retrieved from /home/airflow/.local/lib/python3.6/site-packages/airflow/example_dags/example_latest_only_with_trigger.py
[2021-05-28 20:53:26,980] {logging_mixin.py:104} INFO - [2021-05-28 20:53:26,980] {dag.py:1818} INFO - Sync 1 DAGs
[2021-05-28 20:53:27,054] {logging_mixin.py:104} INFO - [2021-05-28 20:53:27,053] {dag.py:2273} INFO - Setting next_dagrun for latest_only_with_trigger to 2021-05-26 00:00:00+00:00
[2021-05-28 20:53:27,082] {scheduler_job.py:190} INFO - Processing /home/airflow/.local/lib/python3.6/site-packages/airflow/example_dags/example_latest_only_with_trigger.py took 0.221 seconds
[2021-05-28 20:53:57,590] {scheduler_job.py:182} INFO - Started process (PID=304) to work on /home/airflow/.local/lib/python3.6/site-packages/airflow/example_dags/example_latest_only_with_trigger.py
[2021-05-28 20:53:57,593] {scheduler_job.py:629} INFO - Processing file /home/airflow/.local/lib/python3.6/site-packages/airflow/example_dags/example_latest_only_with_trigger.py for tasks to queue
[2021-05-28 20:53:57,594] {logging_mixin.py:104} INFO - [2021-05-28 20:53:57,594] {dagbag.py:448} INFO - Filling up the DagBag from /home/airflow/.local/lib/python3.6/site-packages/airflow/example_dags/example_latest_only_with_trigger.py
[2021-05-28 20:53:57,608] {scheduler_job.py:639} INFO - DAG(s) dict_keys(['latest_only_with_trigger']) retrieved from /home/airflow/.local/lib/python3.6/site-packages/airflow/example_dags/example_latest_only_with_trigger.py
[2021-05-28 20:53:57,667] {logging_mixin.py:104} INFO - [2021-05-28 20:53:57,667] {dag.py:1818} INFO - Sync 1 DAGs
[2021-05-28 20:53:57,709] {logging_mixin.py:104} INFO - [2021-05-28 20:53:57,708] {dag.py:2273} INFO - Setting next_dagrun for latest_only_with_trigger to 2021-05-26 00:00:00+00:00
[2021-05-28 20:53:57,727] {scheduler_job.py:190} INFO - Processing /home/airflow/.local/lib/python3.6/site-packages/airflow/example_dags/example_latest_only_with_trigger.py took 0.141 seconds
[2021-05-28 20:55:25,962] {scheduler_job.py:182} INFO - Started process (PID=41) to work on /home/airflow/.local/lib/python3.6/site-packages/airflow/example_dags/example_latest_only_with_trigger.py
[2021-05-28 20:55:25,971] {scheduler_job.py:629} INFO - Processing file /home/airflow/.local/lib/python3.6/site-packages/airflow/example_dags/example_latest_only_with_trigger.py for tasks to queue
[2021-05-28 20:55:25,974] {logging_mixin.py:104} INFO - [2021-05-28 20:55:25,974] {dagbag.py:448} INFO - Filling up the DagBag from /home/airflow/.local/lib/python3.6/site-packages/airflow/example_dags/example_latest_only_with_trigger.py
[2021-05-28 20:55:26,005] {scheduler_job.py:639} INFO - DAG(s) dict_keys(['latest_only_with_trigger']) retrieved from /home/airflow/.local/lib/python3.6/site-packages/airflow/example_dags/example_latest_only_with_trigger.py
[2021-05-28 20:55:26,211] {logging_mixin.py:104} INFO - [2021-05-28 20:55:26,211] {dag.py:1818} INFO - Sync 1 DAGs
[2021-05-28 20:55:26,317] {logging_mixin.py:104} INFO - [2021-05-28 20:55:26,316] {dag.py:2273} INFO - Setting next_dagrun for latest_only_with_trigger to 2021-05-26 00:00:00+00:00
[2021-05-28 20:55:26,348] {scheduler_job.py:190} INFO - Processing /home/airflow/.local/lib/python3.6/site-packages/airflow/example_dags/example_latest_only_with_trigger.py took 0.402 seconds
[2021-05-28 20:55:58,650] {scheduler_job.py:182} INFO - Started process (PID=79) to work on /home/airflow/.local/lib/python3.6/site-packages/airflow/example_dags/example_latest_only_with_trigger.py
[2021-05-28 20:55:58,657] {scheduler_job.py:629} INFO - Processing file /home/airflow/.local/lib/python3.6/site-packages/airflow/example_dags/example_latest_only_with_trigger.py for tasks to queue
[2021-05-28 20:55:58,659] {logging_mixin.py:104} INFO - [2021-05-28 20:55:58,659] {dagbag.py:448} INFO - Filling up the DagBag from /home/airflow/.local/lib/python3.6/site-packages/airflow/example_dags/example_latest_only_with_trigger.py
[2021-05-28 20:55:58,710] {scheduler_job.py:639} INFO - DAG(s) dict_keys(['latest_only_with_trigger']) retrieved from /home/airflow/.local/lib/python3.6/site-packages/airflow/example_dags/example_latest_only_with_trigger.py
[2021-05-28 20:55:58,878] {logging_mixin.py:104} INFO - [2021-05-28 20:55:58,877] {dag.py:1818} INFO - Sync 1 DAGs
[2021-05-28 20:55:59,007] {logging_mixin.py:104} INFO - [2021-05-28 20:55:59,007] {dag.py:2273} INFO - Setting next_dagrun for latest_only_with_trigger to 2021-05-26 00:00:00+00:00
[2021-05-28 20:55:59,062] {scheduler_job.py:190} INFO - Processing /home/airflow/.local/lib/python3.6/site-packages/airflow/example_dags/example_latest_only_with_trigger.py took 0.424 seconds
[2021-05-28 20:56:29,531] {scheduler_job.py:182} INFO - Started process (PID=105) to work on /home/airflow/.local/lib/python3.6/site-packages/airflow/example_dags/example_latest_only_with_trigger.py
[2021-05-28 20:56:29,535] {scheduler_job.py:629} INFO - Processing file /home/airflow/.local/lib/python3.6/site-packages/airflow/example_dags/example_latest_only_with_trigger.py for tasks to queue
[2021-05-28 20:56:29,537] {logging_mixin.py:104} INFO - [2021-05-28 20:56:29,537] {dagbag.py:448} INFO - Filling up the DagBag from /home/airflow/.local/lib/python3.6/site-packages/airflow/example_dags/example_latest_only_with_trigger.py
[2021-05-28 20:56:29,566] {scheduler_job.py:639} INFO - DAG(s) dict_keys(['latest_only_with_trigger']) retrieved from /home/airflow/.local/lib/python3.6/site-packages/airflow/example_dags/example_latest_only_with_trigger.py
[2021-05-28 20:56:29,685] {logging_mixin.py:104} INFO - [2021-05-28 20:56:29,685] {dag.py:1818} INFO - Sync 1 DAGs
[2021-05-28 20:56:29,760] {logging_mixin.py:104} INFO - [2021-05-28 20:56:29,760] {dag.py:2273} INFO - Setting next_dagrun for latest_only_with_trigger to 2021-05-26 00:00:00+00:00
[2021-05-28 20:56:29,797] {scheduler_job.py:190} INFO - Processing /home/airflow/.local/lib/python3.6/site-packages/airflow/example_dags/example_latest_only_with_trigger.py took 0.274 seconds
[2021-05-28 20:57:01,371] {scheduler_job.py:182} INFO - Started process (PID=145) to work on /home/airflow/.local/lib/python3.6/site-packages/airflow/example_dags/example_latest_only_with_trigger.py
[2021-05-28 20:57:01,374] {scheduler_job.py:629} INFO - Processing file /home/airflow/.local/lib/python3.6/site-packages/airflow/example_dags/example_latest_only_with_trigger.py for tasks to queue
[2021-05-28 20:57:01,377] {logging_mixin.py:104} INFO - [2021-05-28 20:57:01,377] {dagbag.py:448} INFO - Filling up the DagBag from /home/airflow/.local/lib/python3.6/site-packages/airflow/example_dags/example_latest_only_with_trigger.py
[2021-05-28 20:57:01,419] {scheduler_job.py:639} INFO - DAG(s) dict_keys(['latest_only_with_trigger']) retrieved from /home/airflow/.local/lib/python3.6/site-packages/airflow/example_dags/example_latest_only_with_trigger.py
[2021-05-28 20:57:01,683] {logging_mixin.py:104} INFO - [2021-05-28 20:57:01,683] {dag.py:1818} INFO - Sync 1 DAGs
[2021-05-28 20:57:02,037] {logging_mixin.py:104} INFO - [2021-05-28 20:57:02,036] {dag.py:2273} INFO - Setting next_dagrun for latest_only_with_trigger to 2021-05-26 00:00:00+00:00
[2021-05-28 20:57:02,121] {scheduler_job.py:190} INFO - Processing /home/airflow/.local/lib/python3.6/site-packages/airflow/example_dags/example_latest_only_with_trigger.py took 0.762 seconds
[2021-05-28 20:57:32,846] {scheduler_job.py:182} INFO - Started process (PID=178) to work on /home/airflow/.local/lib/python3.6/site-packages/airflow/example_dags/example_latest_only_with_trigger.py
[2021-05-28 20:57:32,853] {scheduler_job.py:629} INFO - Processing file /home/airflow/.local/lib/python3.6/site-packages/airflow/example_dags/example_latest_only_with_trigger.py for tasks to queue
[2021-05-28 20:57:32,858] {logging_mixin.py:104} INFO - [2021-05-28 20:57:32,857] {dagbag.py:448} INFO - Filling up the DagBag from /home/airflow/.local/lib/python3.6/site-packages/airflow/example_dags/example_latest_only_with_trigger.py
[2021-05-28 20:57:32,888] {scheduler_job.py:639} INFO - DAG(s) dict_keys(['latest_only_with_trigger']) retrieved from /home/airflow/.local/lib/python3.6/site-packages/airflow/example_dags/example_latest_only_with_trigger.py
[2021-05-28 20:57:32,989] {logging_mixin.py:104} INFO - [2021-05-28 20:57:32,989] {dag.py:1818} INFO - Sync 1 DAGs
[2021-05-28 20:57:33,066] {logging_mixin.py:104} INFO - [2021-05-28 20:57:33,065] {dag.py:2273} INFO - Setting next_dagrun for latest_only_with_trigger to 2021-05-26 00:00:00+00:00
[2021-05-28 20:57:33,096] {scheduler_job.py:190} INFO - Processing /home/airflow/.local/lib/python3.6/site-packages/airflow/example_dags/example_latest_only_with_trigger.py took 0.260 seconds
[2021-05-28 20:58:03,298] {scheduler_job.py:182} INFO - Started process (PID=210) to work on /home/airflow/.local/lib/python3.6/site-packages/airflow/example_dags/example_latest_only_with_trigger.py
[2021-05-28 20:58:03,301] {scheduler_job.py:629} INFO - Processing file /home/airflow/.local/lib/python3.6/site-packages/airflow/example_dags/example_latest_only_with_trigger.py for tasks to queue
[2021-05-28 20:58:03,303] {logging_mixin.py:104} INFO - [2021-05-28 20:58:03,303] {dagbag.py:448} INFO - Filling up the DagBag from /home/airflow/.local/lib/python3.6/site-packages/airflow/example_dags/example_latest_only_with_trigger.py
[2021-05-28 20:58:03,331] {scheduler_job.py:639} INFO - DAG(s) dict_keys(['latest_only_with_trigger']) retrieved from /home/airflow/.local/lib/python3.6/site-packages/airflow/example_dags/example_latest_only_with_trigger.py
[2021-05-28 20:58:03,465] {logging_mixin.py:104} INFO - [2021-05-28 20:58:03,465] {dag.py:1818} INFO - Sync 1 DAGs
[2021-05-28 20:58:03,546] {logging_mixin.py:104} INFO - [2021-05-28 20:58:03,545] {dag.py:2273} INFO - Setting next_dagrun for latest_only_with_trigger to 2021-05-26 00:00:00+00:00
[2021-05-28 20:58:03,579] {scheduler_job.py:190} INFO - Processing /home/airflow/.local/lib/python3.6/site-packages/airflow/example_dags/example_latest_only_with_trigger.py took 0.288 seconds
[2021-05-28 20:58:34,526] {scheduler_job.py:182} INFO - Started process (PID=243) to work on /home/airflow/.local/lib/python3.6/site-packages/airflow/example_dags/example_latest_only_with_trigger.py
[2021-05-28 20:58:34,528] {scheduler_job.py:629} INFO - Processing file /home/airflow/.local/lib/python3.6/site-packages/airflow/example_dags/example_latest_only_with_trigger.py for tasks to queue
[2021-05-28 20:58:34,530] {logging_mixin.py:104} INFO - [2021-05-28 20:58:34,530] {dagbag.py:448} INFO - Filling up the DagBag from /home/airflow/.local/lib/python3.6/site-packages/airflow/example_dags/example_latest_only_with_trigger.py
[2021-05-28 20:58:34,574] {scheduler_job.py:639} INFO - DAG(s) dict_keys(['latest_only_with_trigger']) retrieved from /home/airflow/.local/lib/python3.6/site-packages/airflow/example_dags/example_latest_only_with_trigger.py
[2021-05-28 20:58:34,739] {logging_mixin.py:104} INFO - [2021-05-28 20:58:34,739] {dag.py:1818} INFO - Sync 1 DAGs
[2021-05-28 20:58:34,899] {logging_mixin.py:104} INFO - [2021-05-28 20:58:34,899] {dag.py:2273} INFO - Setting next_dagrun for latest_only_with_trigger to 2021-05-26 00:00:00+00:00
[2021-05-28 20:58:34,959] {scheduler_job.py:190} INFO - Processing /home/airflow/.local/lib/python3.6/site-packages/airflow/example_dags/example_latest_only_with_trigger.py took 0.439 seconds
