[2021-05-28 20:49:46,755] {scheduler_job.py:182} INFO - Started process (PID=22) to work on /home/airflow/.local/lib/python3.6/site-packages/airflow/example_dags/tutorial.py
[2021-05-28 20:49:46,760] {scheduler_job.py:629} INFO - Processing file /home/airflow/.local/lib/python3.6/site-packages/airflow/example_dags/tutorial.py for tasks to queue
[2021-05-28 20:49:46,763] {logging_mixin.py:104} INFO - [2021-05-28 20:49:46,761] {dagbag.py:448} INFO - Filling up the DagBag from /home/airflow/.local/lib/python3.6/site-packages/airflow/example_dags/tutorial.py
[2021-05-28 20:49:46,813] {scheduler_job.py:639} INFO - DAG(s) dict_keys(['tutorial']) retrieved from /home/airflow/.local/lib/python3.6/site-packages/airflow/example_dags/tutorial.py
[2021-05-28 20:49:46,929] {logging_mixin.py:104} INFO - [2021-05-28 20:49:46,928] {dag.py:1818} INFO - Sync 1 DAGs
[2021-05-28 20:49:46,962] {logging_mixin.py:104} INFO - [2021-05-28 20:49:46,961] {dag.py:1837} INFO - Creating ORM DAG for tutorial
[2021-05-28 20:49:47,006] {logging_mixin.py:104} INFO - [2021-05-28 20:49:47,006] {dag.py:2273} INFO - Setting next_dagrun for tutorial to 2021-05-26 00:00:00+00:00
[2021-05-28 20:49:47,118] {scheduler_job.py:190} INFO - Processing /home/airflow/.local/lib/python3.6/site-packages/airflow/example_dags/tutorial.py took 0.372 seconds
[2021-05-28 20:50:17,840] {scheduler_job.py:182} INFO - Started process (PID=54) to work on /home/airflow/.local/lib/python3.6/site-packages/airflow/example_dags/tutorial.py
[2021-05-28 20:50:17,851] {scheduler_job.py:629} INFO - Processing file /home/airflow/.local/lib/python3.6/site-packages/airflow/example_dags/tutorial.py for tasks to queue
[2021-05-28 20:50:17,854] {logging_mixin.py:104} INFO - [2021-05-28 20:50:17,854] {dagbag.py:448} INFO - Filling up the DagBag from /home/airflow/.local/lib/python3.6/site-packages/airflow/example_dags/tutorial.py
[2021-05-28 20:50:17,973] {scheduler_job.py:639} INFO - DAG(s) dict_keys(['tutorial']) retrieved from /home/airflow/.local/lib/python3.6/site-packages/airflow/example_dags/tutorial.py
[2021-05-28 20:50:18,554] {logging_mixin.py:104} INFO - [2021-05-28 20:50:18,554] {dag.py:1818} INFO - Sync 1 DAGs
[2021-05-28 20:50:18,827] {logging_mixin.py:104} INFO - [2021-05-28 20:50:18,826] {dag.py:2273} INFO - Setting next_dagrun for tutorial to 2021-05-26 00:00:00+00:00
[2021-05-28 20:50:18,900] {scheduler_job.py:190} INFO - Processing /home/airflow/.local/lib/python3.6/site-packages/airflow/example_dags/tutorial.py took 1.066 seconds
[2021-05-28 20:50:49,382] {scheduler_job.py:182} INFO - Started process (PID=80) to work on /home/airflow/.local/lib/python3.6/site-packages/airflow/example_dags/tutorial.py
[2021-05-28 20:50:49,384] {scheduler_job.py:629} INFO - Processing file /home/airflow/.local/lib/python3.6/site-packages/airflow/example_dags/tutorial.py for tasks to queue
[2021-05-28 20:50:49,386] {logging_mixin.py:104} INFO - [2021-05-28 20:50:49,386] {dagbag.py:448} INFO - Filling up the DagBag from /home/airflow/.local/lib/python3.6/site-packages/airflow/example_dags/tutorial.py
[2021-05-28 20:50:49,399] {scheduler_job.py:639} INFO - DAG(s) dict_keys(['tutorial']) retrieved from /home/airflow/.local/lib/python3.6/site-packages/airflow/example_dags/tutorial.py
[2021-05-28 20:50:49,504] {logging_mixin.py:104} INFO - [2021-05-28 20:50:49,504] {dag.py:1818} INFO - Sync 1 DAGs
[2021-05-28 20:50:49,577] {logging_mixin.py:104} INFO - [2021-05-28 20:50:49,577] {dag.py:2273} INFO - Setting next_dagrun for tutorial to 2021-05-26 00:00:00+00:00
[2021-05-28 20:50:49,630] {scheduler_job.py:190} INFO - Processing /home/airflow/.local/lib/python3.6/site-packages/airflow/example_dags/tutorial.py took 0.252 seconds
[2021-05-28 20:51:20,127] {scheduler_job.py:182} INFO - Started process (PID=125) to work on /home/airflow/.local/lib/python3.6/site-packages/airflow/example_dags/tutorial.py
[2021-05-28 20:51:20,131] {scheduler_job.py:629} INFO - Processing file /home/airflow/.local/lib/python3.6/site-packages/airflow/example_dags/tutorial.py for tasks to queue
[2021-05-28 20:51:20,132] {logging_mixin.py:104} INFO - [2021-05-28 20:51:20,132] {dagbag.py:448} INFO - Filling up the DagBag from /home/airflow/.local/lib/python3.6/site-packages/airflow/example_dags/tutorial.py
[2021-05-28 20:51:20,157] {scheduler_job.py:639} INFO - DAG(s) dict_keys(['tutorial']) retrieved from /home/airflow/.local/lib/python3.6/site-packages/airflow/example_dags/tutorial.py
[2021-05-28 20:51:20,273] {logging_mixin.py:104} INFO - [2021-05-28 20:51:20,273] {dag.py:1818} INFO - Sync 1 DAGs
[2021-05-28 20:51:20,353] {logging_mixin.py:104} INFO - [2021-05-28 20:51:20,353] {dag.py:2273} INFO - Setting next_dagrun for tutorial to 2021-05-26 00:00:00+00:00
[2021-05-28 20:51:20,392] {scheduler_job.py:190} INFO - Processing /home/airflow/.local/lib/python3.6/site-packages/airflow/example_dags/tutorial.py took 0.273 seconds
[2021-05-28 20:51:50,481] {scheduler_job.py:182} INFO - Started process (PID=151) to work on /home/airflow/.local/lib/python3.6/site-packages/airflow/example_dags/tutorial.py
[2021-05-28 20:51:50,483] {scheduler_job.py:629} INFO - Processing file /home/airflow/.local/lib/python3.6/site-packages/airflow/example_dags/tutorial.py for tasks to queue
[2021-05-28 20:51:50,485] {logging_mixin.py:104} INFO - [2021-05-28 20:51:50,484] {dagbag.py:448} INFO - Filling up the DagBag from /home/airflow/.local/lib/python3.6/site-packages/airflow/example_dags/tutorial.py
[2021-05-28 20:51:50,500] {scheduler_job.py:639} INFO - DAG(s) dict_keys(['tutorial']) retrieved from /home/airflow/.local/lib/python3.6/site-packages/airflow/example_dags/tutorial.py
[2021-05-28 20:51:50,587] {logging_mixin.py:104} INFO - [2021-05-28 20:51:50,586] {dag.py:1818} INFO - Sync 1 DAGs
[2021-05-28 20:51:50,638] {logging_mixin.py:104} INFO - [2021-05-28 20:51:50,638] {dag.py:2273} INFO - Setting next_dagrun for tutorial to 2021-05-26 00:00:00+00:00
[2021-05-28 20:51:50,662] {scheduler_job.py:190} INFO - Processing /home/airflow/.local/lib/python3.6/site-packages/airflow/example_dags/tutorial.py took 0.185 seconds
[2021-05-28 20:52:21,316] {scheduler_job.py:182} INFO - Started process (PID=190) to work on /home/airflow/.local/lib/python3.6/site-packages/airflow/example_dags/tutorial.py
[2021-05-28 20:52:21,321] {scheduler_job.py:629} INFO - Processing file /home/airflow/.local/lib/python3.6/site-packages/airflow/example_dags/tutorial.py for tasks to queue
[2021-05-28 20:52:21,322] {logging_mixin.py:104} INFO - [2021-05-28 20:52:21,322] {dagbag.py:448} INFO - Filling up the DagBag from /home/airflow/.local/lib/python3.6/site-packages/airflow/example_dags/tutorial.py
[2021-05-28 20:52:21,344] {scheduler_job.py:639} INFO - DAG(s) dict_keys(['tutorial']) retrieved from /home/airflow/.local/lib/python3.6/site-packages/airflow/example_dags/tutorial.py
[2021-05-28 20:52:21,487] {logging_mixin.py:104} INFO - [2021-05-28 20:52:21,486] {dag.py:1818} INFO - Sync 1 DAGs
[2021-05-28 20:52:21,605] {logging_mixin.py:104} INFO - [2021-05-28 20:52:21,605] {dag.py:2273} INFO - Setting next_dagrun for tutorial to 2021-05-26 00:00:00+00:00
[2021-05-28 20:52:21,644] {scheduler_job.py:190} INFO - Processing /home/airflow/.local/lib/python3.6/site-packages/airflow/example_dags/tutorial.py took 0.334 seconds
[2021-05-28 20:52:52,409] {scheduler_job.py:182} INFO - Started process (PID=221) to work on /home/airflow/.local/lib/python3.6/site-packages/airflow/example_dags/tutorial.py
[2021-05-28 20:52:52,413] {scheduler_job.py:629} INFO - Processing file /home/airflow/.local/lib/python3.6/site-packages/airflow/example_dags/tutorial.py for tasks to queue
[2021-05-28 20:52:52,415] {logging_mixin.py:104} INFO - [2021-05-28 20:52:52,415] {dagbag.py:448} INFO - Filling up the DagBag from /home/airflow/.local/lib/python3.6/site-packages/airflow/example_dags/tutorial.py
[2021-05-28 20:52:52,437] {scheduler_job.py:639} INFO - DAG(s) dict_keys(['tutorial']) retrieved from /home/airflow/.local/lib/python3.6/site-packages/airflow/example_dags/tutorial.py
[2021-05-28 20:52:52,582] {logging_mixin.py:104} INFO - [2021-05-28 20:52:52,582] {dag.py:1818} INFO - Sync 1 DAGs
[2021-05-28 20:52:52,656] {logging_mixin.py:104} INFO - [2021-05-28 20:52:52,655] {dag.py:2273} INFO - Setting next_dagrun for tutorial to 2021-05-26 00:00:00+00:00
[2021-05-28 20:52:52,702] {scheduler_job.py:190} INFO - Processing /home/airflow/.local/lib/python3.6/site-packages/airflow/example_dags/tutorial.py took 0.300 seconds
[2021-05-28 20:53:22,815] {scheduler_job.py:182} INFO - Started process (PID=263) to work on /home/airflow/.local/lib/python3.6/site-packages/airflow/example_dags/tutorial.py
[2021-05-28 20:53:22,817] {scheduler_job.py:629} INFO - Processing file /home/airflow/.local/lib/python3.6/site-packages/airflow/example_dags/tutorial.py for tasks to queue
[2021-05-28 20:53:22,819] {logging_mixin.py:104} INFO - [2021-05-28 20:53:22,818] {dagbag.py:448} INFO - Filling up the DagBag from /home/airflow/.local/lib/python3.6/site-packages/airflow/example_dags/tutorial.py
[2021-05-28 20:53:22,836] {scheduler_job.py:639} INFO - DAG(s) dict_keys(['tutorial']) retrieved from /home/airflow/.local/lib/python3.6/site-packages/airflow/example_dags/tutorial.py
[2021-05-28 20:53:22,936] {logging_mixin.py:104} INFO - [2021-05-28 20:53:22,936] {dag.py:1818} INFO - Sync 1 DAGs
[2021-05-28 20:53:22,990] {logging_mixin.py:104} INFO - [2021-05-28 20:53:22,990] {dag.py:2273} INFO - Setting next_dagrun for tutorial to 2021-05-26 00:00:00+00:00
[2021-05-28 20:53:23,018] {scheduler_job.py:190} INFO - Processing /home/airflow/.local/lib/python3.6/site-packages/airflow/example_dags/tutorial.py took 0.209 seconds
[2021-05-28 20:53:53,182] {scheduler_job.py:182} INFO - Started process (PID=296) to work on /home/airflow/.local/lib/python3.6/site-packages/airflow/example_dags/tutorial.py
[2021-05-28 20:53:53,185] {scheduler_job.py:629} INFO - Processing file /home/airflow/.local/lib/python3.6/site-packages/airflow/example_dags/tutorial.py for tasks to queue
[2021-05-28 20:53:53,188] {logging_mixin.py:104} INFO - [2021-05-28 20:53:53,187] {dagbag.py:448} INFO - Filling up the DagBag from /home/airflow/.local/lib/python3.6/site-packages/airflow/example_dags/tutorial.py
[2021-05-28 20:53:53,213] {scheduler_job.py:639} INFO - DAG(s) dict_keys(['tutorial']) retrieved from /home/airflow/.local/lib/python3.6/site-packages/airflow/example_dags/tutorial.py
[2021-05-28 20:53:53,311] {logging_mixin.py:104} INFO - [2021-05-28 20:53:53,311] {dag.py:1818} INFO - Sync 1 DAGs
[2021-05-28 20:53:53,370] {logging_mixin.py:104} INFO - [2021-05-28 20:53:53,369] {dag.py:2273} INFO - Setting next_dagrun for tutorial to 2021-05-26 00:00:00+00:00
[2021-05-28 20:53:53,399] {scheduler_job.py:190} INFO - Processing /home/airflow/.local/lib/python3.6/site-packages/airflow/example_dags/tutorial.py took 0.225 seconds
[2021-05-28 20:55:22,913] {scheduler_job.py:182} INFO - Started process (PID=31) to work on /home/airflow/.local/lib/python3.6/site-packages/airflow/example_dags/tutorial.py
[2021-05-28 20:55:22,915] {scheduler_job.py:629} INFO - Processing file /home/airflow/.local/lib/python3.6/site-packages/airflow/example_dags/tutorial.py for tasks to queue
[2021-05-28 20:55:22,925] {logging_mixin.py:104} INFO - [2021-05-28 20:55:22,925] {dagbag.py:448} INFO - Filling up the DagBag from /home/airflow/.local/lib/python3.6/site-packages/airflow/example_dags/tutorial.py
[2021-05-28 20:55:23,001] {scheduler_job.py:639} INFO - DAG(s) dict_keys(['tutorial']) retrieved from /home/airflow/.local/lib/python3.6/site-packages/airflow/example_dags/tutorial.py
[2021-05-28 20:55:23,150] {logging_mixin.py:104} INFO - [2021-05-28 20:55:23,146] {dag.py:1818} INFO - Sync 1 DAGs
[2021-05-28 20:55:23,307] {logging_mixin.py:104} INFO - [2021-05-28 20:55:23,307] {dag.py:2273} INFO - Setting next_dagrun for tutorial to 2021-05-26 00:00:00+00:00
[2021-05-28 20:55:23,361] {scheduler_job.py:190} INFO - Processing /home/airflow/.local/lib/python3.6/site-packages/airflow/example_dags/tutorial.py took 0.469 seconds
[2021-05-28 20:55:54,271] {scheduler_job.py:182} INFO - Started process (PID=70) to work on /home/airflow/.local/lib/python3.6/site-packages/airflow/example_dags/tutorial.py
[2021-05-28 20:55:54,276] {scheduler_job.py:629} INFO - Processing file /home/airflow/.local/lib/python3.6/site-packages/airflow/example_dags/tutorial.py for tasks to queue
[2021-05-28 20:55:54,280] {logging_mixin.py:104} INFO - [2021-05-28 20:55:54,280] {dagbag.py:448} INFO - Filling up the DagBag from /home/airflow/.local/lib/python3.6/site-packages/airflow/example_dags/tutorial.py
[2021-05-28 20:55:54,410] {scheduler_job.py:639} INFO - DAG(s) dict_keys(['tutorial']) retrieved from /home/airflow/.local/lib/python3.6/site-packages/airflow/example_dags/tutorial.py
[2021-05-28 20:55:54,571] {logging_mixin.py:104} INFO - [2021-05-28 20:55:54,570] {dag.py:1818} INFO - Sync 1 DAGs
[2021-05-28 20:55:54,687] {logging_mixin.py:104} INFO - [2021-05-28 20:55:54,686] {dag.py:2273} INFO - Setting next_dagrun for tutorial to 2021-05-26 00:00:00+00:00
[2021-05-28 20:55:54,761] {scheduler_job.py:190} INFO - Processing /home/airflow/.local/lib/python3.6/site-packages/airflow/example_dags/tutorial.py took 0.503 seconds
[2021-05-28 20:56:25,231] {scheduler_job.py:182} INFO - Started process (PID=97) to work on /home/airflow/.local/lib/python3.6/site-packages/airflow/example_dags/tutorial.py
[2021-05-28 20:56:25,240] {scheduler_job.py:629} INFO - Processing file /home/airflow/.local/lib/python3.6/site-packages/airflow/example_dags/tutorial.py for tasks to queue
[2021-05-28 20:56:25,245] {logging_mixin.py:104} INFO - [2021-05-28 20:56:25,245] {dagbag.py:448} INFO - Filling up the DagBag from /home/airflow/.local/lib/python3.6/site-packages/airflow/example_dags/tutorial.py
[2021-05-28 20:56:25,320] {scheduler_job.py:639} INFO - DAG(s) dict_keys(['tutorial']) retrieved from /home/airflow/.local/lib/python3.6/site-packages/airflow/example_dags/tutorial.py
[2021-05-28 20:56:25,503] {logging_mixin.py:104} INFO - [2021-05-28 20:56:25,502] {dag.py:1818} INFO - Sync 1 DAGs
[2021-05-28 20:56:25,597] {logging_mixin.py:104} INFO - [2021-05-28 20:56:25,597] {dag.py:2273} INFO - Setting next_dagrun for tutorial to 2021-05-26 00:00:00+00:00
[2021-05-28 20:56:25,645] {scheduler_job.py:190} INFO - Processing /home/airflow/.local/lib/python3.6/site-packages/airflow/example_dags/tutorial.py took 0.434 seconds
[2021-05-28 20:56:56,942] {scheduler_job.py:182} INFO - Started process (PID=136) to work on /home/airflow/.local/lib/python3.6/site-packages/airflow/example_dags/tutorial.py
[2021-05-28 20:56:56,946] {scheduler_job.py:629} INFO - Processing file /home/airflow/.local/lib/python3.6/site-packages/airflow/example_dags/tutorial.py for tasks to queue
[2021-05-28 20:56:56,951] {logging_mixin.py:104} INFO - [2021-05-28 20:56:56,950] {dagbag.py:448} INFO - Filling up the DagBag from /home/airflow/.local/lib/python3.6/site-packages/airflow/example_dags/tutorial.py
[2021-05-28 20:56:57,024] {scheduler_job.py:639} INFO - DAG(s) dict_keys(['tutorial']) retrieved from /home/airflow/.local/lib/python3.6/site-packages/airflow/example_dags/tutorial.py
[2021-05-28 20:56:57,275] {logging_mixin.py:104} INFO - [2021-05-28 20:56:57,275] {dag.py:1818} INFO - Sync 1 DAGs
[2021-05-28 20:56:57,417] {logging_mixin.py:104} INFO - [2021-05-28 20:56:57,417] {dag.py:2273} INFO - Setting next_dagrun for tutorial to 2021-05-26 00:00:00+00:00
[2021-05-28 20:56:57,465] {scheduler_job.py:190} INFO - Processing /home/airflow/.local/lib/python3.6/site-packages/airflow/example_dags/tutorial.py took 0.531 seconds
[2021-05-28 20:57:27,674] {scheduler_job.py:182} INFO - Started process (PID=162) to work on /home/airflow/.local/lib/python3.6/site-packages/airflow/example_dags/tutorial.py
[2021-05-28 20:57:27,678] {scheduler_job.py:629} INFO - Processing file /home/airflow/.local/lib/python3.6/site-packages/airflow/example_dags/tutorial.py for tasks to queue
[2021-05-28 20:57:27,680] {logging_mixin.py:104} INFO - [2021-05-28 20:57:27,679] {dagbag.py:448} INFO - Filling up the DagBag from /home/airflow/.local/lib/python3.6/site-packages/airflow/example_dags/tutorial.py
[2021-05-28 20:57:27,701] {scheduler_job.py:639} INFO - DAG(s) dict_keys(['tutorial']) retrieved from /home/airflow/.local/lib/python3.6/site-packages/airflow/example_dags/tutorial.py
[2021-05-28 20:57:27,833] {logging_mixin.py:104} INFO - [2021-05-28 20:57:27,833] {dag.py:1818} INFO - Sync 1 DAGs
[2021-05-28 20:57:27,918] {logging_mixin.py:104} INFO - [2021-05-28 20:57:27,918] {dag.py:2273} INFO - Setting next_dagrun for tutorial to 2021-05-26 00:00:00+00:00
[2021-05-28 20:57:27,953] {scheduler_job.py:190} INFO - Processing /home/airflow/.local/lib/python3.6/site-packages/airflow/example_dags/tutorial.py took 0.286 seconds
[2021-05-28 20:57:58,734] {scheduler_job.py:182} INFO - Started process (PID=201) to work on /home/airflow/.local/lib/python3.6/site-packages/airflow/example_dags/tutorial.py
[2021-05-28 20:57:58,746] {scheduler_job.py:629} INFO - Processing file /home/airflow/.local/lib/python3.6/site-packages/airflow/example_dags/tutorial.py for tasks to queue
[2021-05-28 20:57:58,748] {logging_mixin.py:104} INFO - [2021-05-28 20:57:58,748] {dagbag.py:448} INFO - Filling up the DagBag from /home/airflow/.local/lib/python3.6/site-packages/airflow/example_dags/tutorial.py
[2021-05-28 20:57:58,774] {scheduler_job.py:639} INFO - DAG(s) dict_keys(['tutorial']) retrieved from /home/airflow/.local/lib/python3.6/site-packages/airflow/example_dags/tutorial.py
[2021-05-28 20:57:58,952] {logging_mixin.py:104} INFO - [2021-05-28 20:57:58,951] {dag.py:1818} INFO - Sync 1 DAGs
[2021-05-28 20:57:59,068] {logging_mixin.py:104} INFO - [2021-05-28 20:57:59,067] {dag.py:2273} INFO - Setting next_dagrun for tutorial to 2021-05-26 00:00:00+00:00
[2021-05-28 20:57:59,110] {scheduler_job.py:190} INFO - Processing /home/airflow/.local/lib/python3.6/site-packages/airflow/example_dags/tutorial.py took 0.384 seconds
[2021-05-28 20:58:29,304] {scheduler_job.py:182} INFO - Started process (PID=227) to work on /home/airflow/.local/lib/python3.6/site-packages/airflow/example_dags/tutorial.py
[2021-05-28 20:58:29,310] {scheduler_job.py:629} INFO - Processing file /home/airflow/.local/lib/python3.6/site-packages/airflow/example_dags/tutorial.py for tasks to queue
[2021-05-28 20:58:29,315] {logging_mixin.py:104} INFO - [2021-05-28 20:58:29,314] {dagbag.py:448} INFO - Filling up the DagBag from /home/airflow/.local/lib/python3.6/site-packages/airflow/example_dags/tutorial.py
[2021-05-28 20:58:29,365] {scheduler_job.py:639} INFO - DAG(s) dict_keys(['tutorial']) retrieved from /home/airflow/.local/lib/python3.6/site-packages/airflow/example_dags/tutorial.py
[2021-05-28 20:58:29,516] {logging_mixin.py:104} INFO - [2021-05-28 20:58:29,516] {dag.py:1818} INFO - Sync 1 DAGs
[2021-05-28 20:58:29,656] {logging_mixin.py:104} INFO - [2021-05-28 20:58:29,656] {dag.py:2273} INFO - Setting next_dagrun for tutorial to 2021-05-26 00:00:00+00:00
[2021-05-28 20:58:29,695] {scheduler_job.py:190} INFO - Processing /home/airflow/.local/lib/python3.6/site-packages/airflow/example_dags/tutorial.py took 0.412 seconds
