[2021-05-28 20:49:52,035] {scheduler_job.py:182} INFO - Started process (PID=41) to work on /home/airflow/.local/lib/python3.6/site-packages/airflow/example_dags/tutorial_etl_dag.py
[2021-05-28 20:49:52,039] {scheduler_job.py:629} INFO - Processing file /home/airflow/.local/lib/python3.6/site-packages/airflow/example_dags/tutorial_etl_dag.py for tasks to queue
[2021-05-28 20:49:52,042] {logging_mixin.py:104} INFO - [2021-05-28 20:49:52,041] {dagbag.py:448} INFO - Filling up the DagBag from /home/airflow/.local/lib/python3.6/site-packages/airflow/example_dags/tutorial_etl_dag.py
[2021-05-28 20:49:52,065] {scheduler_job.py:639} INFO - DAG(s) dict_keys(['tutorial_etl_dag']) retrieved from /home/airflow/.local/lib/python3.6/site-packages/airflow/example_dags/tutorial_etl_dag.py
[2021-05-28 20:49:52,278] {logging_mixin.py:104} INFO - [2021-05-28 20:49:52,278] {dag.py:1818} INFO - Sync 1 DAGs
[2021-05-28 20:49:52,367] {logging_mixin.py:104} INFO - [2021-05-28 20:49:52,366] {dag.py:1837} INFO - Creating ORM DAG for tutorial_etl_dag
[2021-05-28 20:49:52,391] {logging_mixin.py:104} INFO - [2021-05-28 20:49:52,391] {dag.py:2273} INFO - Setting next_dagrun for tutorial_etl_dag to None
[2021-05-28 20:49:52,449] {scheduler_job.py:190} INFO - Processing /home/airflow/.local/lib/python3.6/site-packages/airflow/example_dags/tutorial_etl_dag.py took 0.420 seconds
[2021-05-28 20:50:26,570] {scheduler_job.py:182} INFO - Started process (PID=74) to work on /home/airflow/.local/lib/python3.6/site-packages/airflow/example_dags/tutorial_etl_dag.py
[2021-05-28 20:50:26,573] {scheduler_job.py:629} INFO - Processing file /home/airflow/.local/lib/python3.6/site-packages/airflow/example_dags/tutorial_etl_dag.py for tasks to queue
[2021-05-28 20:50:26,578] {logging_mixin.py:104} INFO - [2021-05-28 20:50:26,578] {dagbag.py:448} INFO - Filling up the DagBag from /home/airflow/.local/lib/python3.6/site-packages/airflow/example_dags/tutorial_etl_dag.py
[2021-05-28 20:50:26,634] {scheduler_job.py:639} INFO - DAG(s) dict_keys(['tutorial_etl_dag']) retrieved from /home/airflow/.local/lib/python3.6/site-packages/airflow/example_dags/tutorial_etl_dag.py
[2021-05-28 20:50:26,757] {logging_mixin.py:104} INFO - [2021-05-28 20:50:26,756] {dag.py:1818} INFO - Sync 1 DAGs
[2021-05-28 20:50:26,838] {logging_mixin.py:104} INFO - [2021-05-28 20:50:26,838] {dag.py:2273} INFO - Setting next_dagrun for tutorial_etl_dag to None
[2021-05-28 20:50:26,891] {scheduler_job.py:190} INFO - Processing /home/airflow/.local/lib/python3.6/site-packages/airflow/example_dags/tutorial_etl_dag.py took 0.330 seconds
[2021-05-28 20:50:57,668] {scheduler_job.py:182} INFO - Started process (PID=106) to work on /home/airflow/.local/lib/python3.6/site-packages/airflow/example_dags/tutorial_etl_dag.py
[2021-05-28 20:50:57,670] {scheduler_job.py:629} INFO - Processing file /home/airflow/.local/lib/python3.6/site-packages/airflow/example_dags/tutorial_etl_dag.py for tasks to queue
[2021-05-28 20:50:57,672] {logging_mixin.py:104} INFO - [2021-05-28 20:50:57,671] {dagbag.py:448} INFO - Filling up the DagBag from /home/airflow/.local/lib/python3.6/site-packages/airflow/example_dags/tutorial_etl_dag.py
[2021-05-28 20:50:57,699] {scheduler_job.py:639} INFO - DAG(s) dict_keys(['tutorial_etl_dag']) retrieved from /home/airflow/.local/lib/python3.6/site-packages/airflow/example_dags/tutorial_etl_dag.py
[2021-05-28 20:50:57,780] {logging_mixin.py:104} INFO - [2021-05-28 20:50:57,780] {dag.py:1818} INFO - Sync 1 DAGs
[2021-05-28 20:50:57,834] {logging_mixin.py:104} INFO - [2021-05-28 20:50:57,834] {dag.py:2273} INFO - Setting next_dagrun for tutorial_etl_dag to None
[2021-05-28 20:50:57,854] {scheduler_job.py:190} INFO - Processing /home/airflow/.local/lib/python3.6/site-packages/airflow/example_dags/tutorial_etl_dag.py took 0.196 seconds
[2021-05-28 20:51:28,045] {scheduler_job.py:182} INFO - Started process (PID=144) to work on /home/airflow/.local/lib/python3.6/site-packages/airflow/example_dags/tutorial_etl_dag.py
[2021-05-28 20:51:28,047] {scheduler_job.py:629} INFO - Processing file /home/airflow/.local/lib/python3.6/site-packages/airflow/example_dags/tutorial_etl_dag.py for tasks to queue
[2021-05-28 20:51:28,048] {logging_mixin.py:104} INFO - [2021-05-28 20:51:28,048] {dagbag.py:448} INFO - Filling up the DagBag from /home/airflow/.local/lib/python3.6/site-packages/airflow/example_dags/tutorial_etl_dag.py
[2021-05-28 20:51:28,067] {scheduler_job.py:639} INFO - DAG(s) dict_keys(['tutorial_etl_dag']) retrieved from /home/airflow/.local/lib/python3.6/site-packages/airflow/example_dags/tutorial_etl_dag.py
[2021-05-28 20:51:28,134] {logging_mixin.py:104} INFO - [2021-05-28 20:51:28,134] {dag.py:1818} INFO - Sync 1 DAGs
[2021-05-28 20:51:28,182] {logging_mixin.py:104} INFO - [2021-05-28 20:51:28,182] {dag.py:2273} INFO - Setting next_dagrun for tutorial_etl_dag to None
[2021-05-28 20:51:28,207] {scheduler_job.py:190} INFO - Processing /home/airflow/.local/lib/python3.6/site-packages/airflow/example_dags/tutorial_etl_dag.py took 0.167 seconds
[2021-05-28 20:51:58,610] {scheduler_job.py:182} INFO - Started process (PID=175) to work on /home/airflow/.local/lib/python3.6/site-packages/airflow/example_dags/tutorial_etl_dag.py
[2021-05-28 20:51:58,612] {scheduler_job.py:629} INFO - Processing file /home/airflow/.local/lib/python3.6/site-packages/airflow/example_dags/tutorial_etl_dag.py for tasks to queue
[2021-05-28 20:51:58,615] {logging_mixin.py:104} INFO - [2021-05-28 20:51:58,614] {dagbag.py:448} INFO - Filling up the DagBag from /home/airflow/.local/lib/python3.6/site-packages/airflow/example_dags/tutorial_etl_dag.py
[2021-05-28 20:51:58,630] {scheduler_job.py:639} INFO - DAG(s) dict_keys(['tutorial_etl_dag']) retrieved from /home/airflow/.local/lib/python3.6/site-packages/airflow/example_dags/tutorial_etl_dag.py
[2021-05-28 20:51:58,718] {logging_mixin.py:104} INFO - [2021-05-28 20:51:58,718] {dag.py:1818} INFO - Sync 1 DAGs
[2021-05-28 20:51:58,777] {logging_mixin.py:104} INFO - [2021-05-28 20:51:58,777] {dag.py:2273} INFO - Setting next_dagrun for tutorial_etl_dag to None
[2021-05-28 20:51:58,800] {scheduler_job.py:190} INFO - Processing /home/airflow/.local/lib/python3.6/site-packages/airflow/example_dags/tutorial_etl_dag.py took 0.196 seconds
[2021-05-28 20:52:29,070] {scheduler_job.py:182} INFO - Started process (PID=212) to work on /home/airflow/.local/lib/python3.6/site-packages/airflow/example_dags/tutorial_etl_dag.py
[2021-05-28 20:52:29,073] {scheduler_job.py:629} INFO - Processing file /home/airflow/.local/lib/python3.6/site-packages/airflow/example_dags/tutorial_etl_dag.py for tasks to queue
[2021-05-28 20:52:29,074] {logging_mixin.py:104} INFO - [2021-05-28 20:52:29,074] {dagbag.py:448} INFO - Filling up the DagBag from /home/airflow/.local/lib/python3.6/site-packages/airflow/example_dags/tutorial_etl_dag.py
[2021-05-28 20:52:29,091] {scheduler_job.py:639} INFO - DAG(s) dict_keys(['tutorial_etl_dag']) retrieved from /home/airflow/.local/lib/python3.6/site-packages/airflow/example_dags/tutorial_etl_dag.py
[2021-05-28 20:52:29,158] {logging_mixin.py:104} INFO - [2021-05-28 20:52:29,158] {dag.py:1818} INFO - Sync 1 DAGs
[2021-05-28 20:52:29,203] {logging_mixin.py:104} INFO - [2021-05-28 20:52:29,203] {dag.py:2273} INFO - Setting next_dagrun for tutorial_etl_dag to None
[2021-05-28 20:52:29,225] {scheduler_job.py:190} INFO - Processing /home/airflow/.local/lib/python3.6/site-packages/airflow/example_dags/tutorial_etl_dag.py took 0.160 seconds
[2021-05-28 20:53:00,514] {scheduler_job.py:182} INFO - Started process (PID=245) to work on /home/airflow/.local/lib/python3.6/site-packages/airflow/example_dags/tutorial_etl_dag.py
[2021-05-28 20:53:00,515] {scheduler_job.py:629} INFO - Processing file /home/airflow/.local/lib/python3.6/site-packages/airflow/example_dags/tutorial_etl_dag.py for tasks to queue
[2021-05-28 20:53:00,517] {logging_mixin.py:104} INFO - [2021-05-28 20:53:00,517] {dagbag.py:448} INFO - Filling up the DagBag from /home/airflow/.local/lib/python3.6/site-packages/airflow/example_dags/tutorial_etl_dag.py
[2021-05-28 20:53:00,539] {scheduler_job.py:639} INFO - DAG(s) dict_keys(['tutorial_etl_dag']) retrieved from /home/airflow/.local/lib/python3.6/site-packages/airflow/example_dags/tutorial_etl_dag.py
[2021-05-28 20:53:00,656] {logging_mixin.py:104} INFO - [2021-05-28 20:53:00,656] {dag.py:1818} INFO - Sync 1 DAGs
[2021-05-28 20:53:00,729] {logging_mixin.py:104} INFO - [2021-05-28 20:53:00,729] {dag.py:2273} INFO - Setting next_dagrun for tutorial_etl_dag to None
[2021-05-28 20:53:00,776] {scheduler_job.py:190} INFO - Processing /home/airflow/.local/lib/python3.6/site-packages/airflow/example_dags/tutorial_etl_dag.py took 0.268 seconds
[2021-05-28 20:53:30,906] {scheduler_job.py:182} INFO - Started process (PID=280) to work on /home/airflow/.local/lib/python3.6/site-packages/airflow/example_dags/tutorial_etl_dag.py
[2021-05-28 20:53:30,908] {scheduler_job.py:629} INFO - Processing file /home/airflow/.local/lib/python3.6/site-packages/airflow/example_dags/tutorial_etl_dag.py for tasks to queue
[2021-05-28 20:53:30,910] {logging_mixin.py:104} INFO - [2021-05-28 20:53:30,910] {dagbag.py:448} INFO - Filling up the DagBag from /home/airflow/.local/lib/python3.6/site-packages/airflow/example_dags/tutorial_etl_dag.py
[2021-05-28 20:53:30,927] {scheduler_job.py:639} INFO - DAG(s) dict_keys(['tutorial_etl_dag']) retrieved from /home/airflow/.local/lib/python3.6/site-packages/airflow/example_dags/tutorial_etl_dag.py
[2021-05-28 20:53:31,008] {logging_mixin.py:104} INFO - [2021-05-28 20:53:31,008] {dag.py:1818} INFO - Sync 1 DAGs
[2021-05-28 20:53:31,081] {logging_mixin.py:104} INFO - [2021-05-28 20:53:31,081] {dag.py:2273} INFO - Setting next_dagrun for tutorial_etl_dag to None
[2021-05-28 20:53:31,118] {scheduler_job.py:190} INFO - Processing /home/airflow/.local/lib/python3.6/site-packages/airflow/example_dags/tutorial_etl_dag.py took 0.217 seconds
[2021-05-28 20:54:02,457] {scheduler_job.py:182} INFO - Started process (PID=319) to work on /home/airflow/.local/lib/python3.6/site-packages/airflow/example_dags/tutorial_etl_dag.py
[2021-05-28 20:54:02,460] {scheduler_job.py:629} INFO - Processing file /home/airflow/.local/lib/python3.6/site-packages/airflow/example_dags/tutorial_etl_dag.py for tasks to queue
[2021-05-28 20:54:02,462] {logging_mixin.py:104} INFO - [2021-05-28 20:54:02,462] {dagbag.py:448} INFO - Filling up the DagBag from /home/airflow/.local/lib/python3.6/site-packages/airflow/example_dags/tutorial_etl_dag.py
[2021-05-28 20:54:02,486] {scheduler_job.py:639} INFO - DAG(s) dict_keys(['tutorial_etl_dag']) retrieved from /home/airflow/.local/lib/python3.6/site-packages/airflow/example_dags/tutorial_etl_dag.py
[2021-05-28 20:54:02,570] {logging_mixin.py:104} INFO - [2021-05-28 20:54:02,569] {dag.py:1818} INFO - Sync 1 DAGs
[2021-05-28 20:54:02,628] {logging_mixin.py:104} INFO - [2021-05-28 20:54:02,628] {dag.py:2273} INFO - Setting next_dagrun for tutorial_etl_dag to None
[2021-05-28 20:54:02,657] {scheduler_job.py:190} INFO - Processing /home/airflow/.local/lib/python3.6/site-packages/airflow/example_dags/tutorial_etl_dag.py took 0.206 seconds
[2021-05-28 20:55:23,485] {scheduler_job.py:182} INFO - Started process (PID=33) to work on /home/airflow/.local/lib/python3.6/site-packages/airflow/example_dags/tutorial_etl_dag.py
[2021-05-28 20:55:23,492] {scheduler_job.py:629} INFO - Processing file /home/airflow/.local/lib/python3.6/site-packages/airflow/example_dags/tutorial_etl_dag.py for tasks to queue
[2021-05-28 20:55:23,495] {logging_mixin.py:104} INFO - [2021-05-28 20:55:23,495] {dagbag.py:448} INFO - Filling up the DagBag from /home/airflow/.local/lib/python3.6/site-packages/airflow/example_dags/tutorial_etl_dag.py
[2021-05-28 20:55:23,575] {scheduler_job.py:639} INFO - DAG(s) dict_keys(['tutorial_etl_dag']) retrieved from /home/airflow/.local/lib/python3.6/site-packages/airflow/example_dags/tutorial_etl_dag.py
[2021-05-28 20:55:23,762] {logging_mixin.py:104} INFO - [2021-05-28 20:55:23,762] {dag.py:1818} INFO - Sync 1 DAGs
[2021-05-28 20:55:23,860] {logging_mixin.py:104} INFO - [2021-05-28 20:55:23,859] {dag.py:2273} INFO - Setting next_dagrun for tutorial_etl_dag to None
[2021-05-28 20:55:23,961] {scheduler_job.py:190} INFO - Processing /home/airflow/.local/lib/python3.6/site-packages/airflow/example_dags/tutorial_etl_dag.py took 0.497 seconds
[2021-05-28 20:55:56,184] {scheduler_job.py:182} INFO - Started process (PID=74) to work on /home/airflow/.local/lib/python3.6/site-packages/airflow/example_dags/tutorial_etl_dag.py
[2021-05-28 20:55:56,187] {scheduler_job.py:629} INFO - Processing file /home/airflow/.local/lib/python3.6/site-packages/airflow/example_dags/tutorial_etl_dag.py for tasks to queue
[2021-05-28 20:55:56,191] {logging_mixin.py:104} INFO - [2021-05-28 20:55:56,191] {dagbag.py:448} INFO - Filling up the DagBag from /home/airflow/.local/lib/python3.6/site-packages/airflow/example_dags/tutorial_etl_dag.py
[2021-05-28 20:55:56,267] {scheduler_job.py:639} INFO - DAG(s) dict_keys(['tutorial_etl_dag']) retrieved from /home/airflow/.local/lib/python3.6/site-packages/airflow/example_dags/tutorial_etl_dag.py
[2021-05-28 20:55:56,398] {logging_mixin.py:104} INFO - [2021-05-28 20:55:56,398] {dag.py:1818} INFO - Sync 1 DAGs
[2021-05-28 20:55:56,483] {logging_mixin.py:104} INFO - [2021-05-28 20:55:56,483] {dag.py:2273} INFO - Setting next_dagrun for tutorial_etl_dag to None
[2021-05-28 20:55:56,519] {scheduler_job.py:190} INFO - Processing /home/airflow/.local/lib/python3.6/site-packages/airflow/example_dags/tutorial_etl_dag.py took 0.340 seconds
[2021-05-28 20:56:27,021] {scheduler_job.py:182} INFO - Started process (PID=100) to work on /home/airflow/.local/lib/python3.6/site-packages/airflow/example_dags/tutorial_etl_dag.py
[2021-05-28 20:56:27,027] {scheduler_job.py:629} INFO - Processing file /home/airflow/.local/lib/python3.6/site-packages/airflow/example_dags/tutorial_etl_dag.py for tasks to queue
[2021-05-28 20:56:27,031] {logging_mixin.py:104} INFO - [2021-05-28 20:56:27,031] {dagbag.py:448} INFO - Filling up the DagBag from /home/airflow/.local/lib/python3.6/site-packages/airflow/example_dags/tutorial_etl_dag.py
[2021-05-28 20:56:27,078] {scheduler_job.py:639} INFO - DAG(s) dict_keys(['tutorial_etl_dag']) retrieved from /home/airflow/.local/lib/python3.6/site-packages/airflow/example_dags/tutorial_etl_dag.py
[2021-05-28 20:56:27,194] {logging_mixin.py:104} INFO - [2021-05-28 20:56:27,194] {dag.py:1818} INFO - Sync 1 DAGs
[2021-05-28 20:56:27,281] {logging_mixin.py:104} INFO - [2021-05-28 20:56:27,281] {dag.py:2273} INFO - Setting next_dagrun for tutorial_etl_dag to None
[2021-05-28 20:56:27,326] {scheduler_job.py:190} INFO - Processing /home/airflow/.local/lib/python3.6/site-packages/airflow/example_dags/tutorial_etl_dag.py took 0.315 seconds
[2021-05-28 20:56:59,303] {scheduler_job.py:182} INFO - Started process (PID=140) to work on /home/airflow/.local/lib/python3.6/site-packages/airflow/example_dags/tutorial_etl_dag.py
[2021-05-28 20:56:59,316] {scheduler_job.py:629} INFO - Processing file /home/airflow/.local/lib/python3.6/site-packages/airflow/example_dags/tutorial_etl_dag.py for tasks to queue
[2021-05-28 20:56:59,318] {logging_mixin.py:104} INFO - [2021-05-28 20:56:59,318] {dagbag.py:448} INFO - Filling up the DagBag from /home/airflow/.local/lib/python3.6/site-packages/airflow/example_dags/tutorial_etl_dag.py
[2021-05-28 20:56:59,360] {scheduler_job.py:639} INFO - DAG(s) dict_keys(['tutorial_etl_dag']) retrieved from /home/airflow/.local/lib/python3.6/site-packages/airflow/example_dags/tutorial_etl_dag.py
[2021-05-28 20:56:59,541] {logging_mixin.py:104} INFO - [2021-05-28 20:56:59,541] {dag.py:1818} INFO - Sync 1 DAGs
[2021-05-28 20:56:59,661] {logging_mixin.py:104} INFO - [2021-05-28 20:56:59,661] {dag.py:2273} INFO - Setting next_dagrun for tutorial_etl_dag to None
[2021-05-28 20:56:59,730] {scheduler_job.py:190} INFO - Processing /home/airflow/.local/lib/python3.6/site-packages/airflow/example_dags/tutorial_etl_dag.py took 0.454 seconds
[2021-05-28 20:57:30,332] {scheduler_job.py:182} INFO - Started process (PID=166) to work on /home/airflow/.local/lib/python3.6/site-packages/airflow/example_dags/tutorial_etl_dag.py
[2021-05-28 20:57:30,341] {scheduler_job.py:629} INFO - Processing file /home/airflow/.local/lib/python3.6/site-packages/airflow/example_dags/tutorial_etl_dag.py for tasks to queue
[2021-05-28 20:57:30,345] {logging_mixin.py:104} INFO - [2021-05-28 20:57:30,344] {dagbag.py:448} INFO - Filling up the DagBag from /home/airflow/.local/lib/python3.6/site-packages/airflow/example_dags/tutorial_etl_dag.py
[2021-05-28 20:57:30,414] {scheduler_job.py:639} INFO - DAG(s) dict_keys(['tutorial_etl_dag']) retrieved from /home/airflow/.local/lib/python3.6/site-packages/airflow/example_dags/tutorial_etl_dag.py
[2021-05-28 20:57:30,557] {logging_mixin.py:104} INFO - [2021-05-28 20:57:30,557] {dag.py:1818} INFO - Sync 1 DAGs
[2021-05-28 20:57:30,645] {logging_mixin.py:104} INFO - [2021-05-28 20:57:30,645] {dag.py:2273} INFO - Setting next_dagrun for tutorial_etl_dag to None
[2021-05-28 20:57:30,681] {scheduler_job.py:190} INFO - Processing /home/airflow/.local/lib/python3.6/site-packages/airflow/example_dags/tutorial_etl_dag.py took 0.413 seconds
[2021-05-28 20:58:01,106] {scheduler_job.py:182} INFO - Started process (PID=205) to work on /home/airflow/.local/lib/python3.6/site-packages/airflow/example_dags/tutorial_etl_dag.py
[2021-05-28 20:58:01,113] {scheduler_job.py:629} INFO - Processing file /home/airflow/.local/lib/python3.6/site-packages/airflow/example_dags/tutorial_etl_dag.py for tasks to queue
[2021-05-28 20:58:01,115] {logging_mixin.py:104} INFO - [2021-05-28 20:58:01,115] {dagbag.py:448} INFO - Filling up the DagBag from /home/airflow/.local/lib/python3.6/site-packages/airflow/example_dags/tutorial_etl_dag.py
[2021-05-28 20:58:01,150] {scheduler_job.py:639} INFO - DAG(s) dict_keys(['tutorial_etl_dag']) retrieved from /home/airflow/.local/lib/python3.6/site-packages/airflow/example_dags/tutorial_etl_dag.py
[2021-05-28 20:58:01,262] {logging_mixin.py:104} INFO - [2021-05-28 20:58:01,262] {dag.py:1818} INFO - Sync 1 DAGs
[2021-05-28 20:58:01,316] {logging_mixin.py:104} INFO - [2021-05-28 20:58:01,316] {dag.py:2273} INFO - Setting next_dagrun for tutorial_etl_dag to None
[2021-05-28 20:58:01,344] {scheduler_job.py:190} INFO - Processing /home/airflow/.local/lib/python3.6/site-packages/airflow/example_dags/tutorial_etl_dag.py took 0.259 seconds
[2021-05-28 20:58:32,553] {scheduler_job.py:182} INFO - Started process (PID=234) to work on /home/airflow/.local/lib/python3.6/site-packages/airflow/example_dags/tutorial_etl_dag.py
[2021-05-28 20:58:32,556] {scheduler_job.py:629} INFO - Processing file /home/airflow/.local/lib/python3.6/site-packages/airflow/example_dags/tutorial_etl_dag.py for tasks to queue
[2021-05-28 20:58:32,561] {logging_mixin.py:104} INFO - [2021-05-28 20:58:32,561] {dagbag.py:448} INFO - Filling up the DagBag from /home/airflow/.local/lib/python3.6/site-packages/airflow/example_dags/tutorial_etl_dag.py
[2021-05-28 20:58:32,593] {scheduler_job.py:639} INFO - DAG(s) dict_keys(['tutorial_etl_dag']) retrieved from /home/airflow/.local/lib/python3.6/site-packages/airflow/example_dags/tutorial_etl_dag.py
[2021-05-28 20:58:32,722] {logging_mixin.py:104} INFO - [2021-05-28 20:58:32,722] {dag.py:1818} INFO - Sync 1 DAGs
[2021-05-28 20:58:32,825] {logging_mixin.py:104} INFO - [2021-05-28 20:58:32,824] {dag.py:2273} INFO - Setting next_dagrun for tutorial_etl_dag to None
[2021-05-28 20:58:32,874] {scheduler_job.py:190} INFO - Processing /home/airflow/.local/lib/python3.6/site-packages/airflow/example_dags/tutorial_etl_dag.py took 0.328 seconds
